#-----------------------------------------------------------
# Vivado v2024.1 (64-bit)
# SW Build 5076996 on Wed May 22 18:37:14 MDT 2024
# IP Build 5075265 on Wed May 22 21:45:21 MDT 2024
# SharedData Build 5076995 on Wed May 22 18:29:18 MDT 2024
# Start of session at: Fri May  2 09:02:26 2025
# Process ID: 9068
# Current directory: D:/RC4_with_speck
# Command line: vivado.exe -gui_launcher_event rodinguilauncherevent5304 D:\RC4_with_speck\DESIGN_LAB_NOW_FINAL_HOPE_SO.xpr
# Log file: D:/RC4_with_speck/vivado.log
# Journal file: D:/RC4_with_speck\vivado.jou
# Running On        :RoBIN
# Platform          :Windows Server 2016 or Windows 10
# Operating System  :22631
# Processor Detail  :Intel(R) Core(TM) i5-10210U CPU @ 1.60GHz
# CPU Frequency     :2112 MHz
# CPU Physical cores:4
# CPU Logical cores :8
# Host memory       :8403 MB
# Swap memory       :8321 MB
# Total Virtual     :16725 MB
# Available Virtual :10270 MB
#-----------------------------------------------------------
start_gui
open_project D:/RC4_with_speck/DESIGN_LAB_NOW_FINAL_HOPE_SO.xpr
WARNING: [Board 49-26] cannot add Board Part xilinx.com:kc705:part0:1.6 available at C:/Xilinx/Vivado/2024.1/data/xhub/boards/XilinxBoardStore/boards/Xilinx/kc705/1.6/board.xml as part xc7k325tffg900-2 specified in board_part file is either invalid or not available
WARNING: [Board 49-26] cannot add Board Part xilinx.com:kcu105:part0:1.6 available at C:/Xilinx/Vivado/2024.1/data/xhub/boards/XilinxBoardStore/boards/Xilinx/kcu105/1.6/board.xml as part xcku040-ffva1156-2-e specified in board_part file is either invalid or not available
WARNING: [Board 49-26] cannot add Board Part xilinx.com:kcu105:part0:1.7 available at C:/Xilinx/Vivado/2024.1/data/xhub/boards/XilinxBoardStore/boards/Xilinx/kcu105/1.7/board.xml as part xcku040-ffva1156-2-e specified in board_part file is either invalid or not available
WARNING: [Board 49-26] cannot add Board Part xilinx.com:kcu1500:part0:1.2 available at C:/Xilinx/Vivado/2024.1/data/xhub/boards/XilinxBoardStore/boards/Xilinx/kcu1500/1.2/board.xml as part xcku115-flvb2104-2-e specified in board_part file is either invalid or not available
WARNING: [Board 49-26] cannot add Board Part xilinx.com:vc707:part0:1.4 available at C:/Xilinx/Vivado/2024.1/data/xhub/boards/XilinxBoardStore/boards/Xilinx/vc707/1.4/board.xml as part xc7vx485tffg1761-2 specified in board_part file is either invalid or not available
WARNING: [Board 49-26] cannot add Board Part xilinx.com:vc709:part0:1.8 available at C:/Xilinx/Vivado/2024.1/data/xhub/boards/XilinxBoardStore/boards/Xilinx/vc709/1.8/board.xml as part xc7vx690tffg1761-2 specified in board_part file is either invalid or not available
WARNING: [Board 49-26] cannot add Board Part xilinx.com:vck190:part0:2.2 available at C:/Xilinx/Vivado/2024.1/data/xhub/boards/XilinxBoardStore/boards/Xilinx/vck190/production/2.2/board.xml as part xcvc1902-vsva2197-2mp-e-s specified in board_part file is either invalid or not available
WARNING: [Board 49-26] cannot add Board Part xilinx.com:vck190:part0:3.0 available at C:/Xilinx/Vivado/2024.1/data/xhub/boards/XilinxBoardStore/boards/Xilinx/vck190/production/3.0/board.xml as part xcvc1902-vsva2197-2mp-e-s specified in board_part file is either invalid or not available
WARNING: [Board 49-26] cannot add Board Part xilinx.com:vck190:part0:3.1 available at C:/Xilinx/Vivado/2024.1/data/xhub/boards/XilinxBoardStore/boards/Xilinx/vck190/production/3.1/board.xml as part xcvc1902-vsva2197-2mp-e-s specified in board_part file is either invalid or not available
WARNING: [Board 49-26] cannot add Board Part xilinx.com:vck190:part0:3.2 available at C:/Xilinx/Vivado/2024.1/data/xhub/boards/XilinxBoardStore/boards/Xilinx/vck190/production/3.2/board.xml as part xcvc1902-vsva2197-2mp-e-s specified in board_part file is either invalid or not available
WARNING: [Board 49-26] cannot add Board Part xilinx.com:vck190:part0:3.3 available at C:/Xilinx/Vivado/2024.1/data/xhub/boards/XilinxBoardStore/boards/Xilinx/vck190/production/3.3/board.xml as part xcvc1902-vsva2197-2mp-e-s specified in board_part file is either invalid or not available
WARNING: [Board 49-26] cannot add Board Part xilinx.com:vck190_newl:part0:1.0 available at C:/Xilinx/Vivado/2024.1/data/xhub/boards/XilinxBoardStore/boards/Xilinx/vck190_newl/production/1.0/board.xml as part xcvc1902-vsva2197-2mp-e-s specified in board_part file is either invalid or not available
WARNING: [Board 49-26] cannot add Board Part xilinx.com:vck190_newl:part0:1.1 available at C:/Xilinx/Vivado/2024.1/data/xhub/boards/XilinxBoardStore/boards/Xilinx/vck190_newl/production/1.1/board.xml as part xcvc1902-vsva2197-2mp-e-s specified in board_part file is either invalid or not available
WARNING: [Board 49-26] cannot add Board Part xilinx.com:vck190_newl:part0:1.2 available at C:/Xilinx/Vivado/2024.1/data/xhub/boards/XilinxBoardStore/boards/Xilinx/vck190_newl/production/1.2/board.xml as part xcvc1902-vsva2197-2mp-e-s specified in board_part file is either invalid or not available
WARNING: [Board 49-26] cannot add Board Part xilinx.com:vcu108:part0:1.6 available at C:/Xilinx/Vivado/2024.1/data/xhub/boards/XilinxBoardStore/boards/Xilinx/vcu108/1.6/board.xml as part xcvu095-ffva2104-2-e specified in board_part file is either invalid or not available
WARNING: [Board 49-26] cannot add Board Part xilinx.com:vcu108:part0:1.7 available at C:/Xilinx/Vivado/2024.1/data/xhub/boards/XilinxBoardStore/boards/Xilinx/vcu108/1.7/board.xml as part xcvu095-ffva2104-2-e specified in board_part file is either invalid or not available
WARNING: [Board 49-26] cannot add Board Part xilinx.com:vcu110:part0:1.4 available at C:/Xilinx/Vivado/2024.1/data/xhub/boards/XilinxBoardStore/boards/Xilinx/vcu110/1.4/board.xml as part xcvu190-flgc2104-2-e specified in board_part file is either invalid or not available
WARNING: [Board 49-26] cannot add Board Part xilinx.com:vcu118:part0:2.0 available at C:/Xilinx/Vivado/2024.1/data/xhub/boards/XilinxBoardStore/boards/Xilinx/vcu118/2.0/board.xml as part xcvu9p-flga2104-2l-e specified in board_part file is either invalid or not available
WARNING: [Board 49-26] cannot add Board Part xilinx.com:vcu118:part0:2.3 available at C:/Xilinx/Vivado/2024.1/data/xhub/boards/XilinxBoardStore/boards/Xilinx/vcu118/2.3/board.xml as part xcvu9p-flga2104-2l-e specified in board_part file is either invalid or not available
WARNING: [Board 49-26] cannot add Board Part xilinx.com:vcu118:part0:2.4 available at C:/Xilinx/Vivado/2024.1/data/xhub/boards/XilinxBoardStore/boards/Xilinx/vcu118/2.4/board.xml as part xcvu9p-flga2104-2l-e specified in board_part file is either invalid or not available
WARNING: [Board 49-26] cannot add Board Part xilinx.com:vcu129:part0:1.0 available at C:/Xilinx/Vivado/2024.1/data/xhub/boards/XilinxBoardStore/boards/Xilinx/vcu129/production/1.0/board.xml as part xcvu29p-fsga2577-2l-e specified in board_part file is either invalid or not available
WARNING: [Board 49-26] cannot add Board Part xilinx.com:vcu1525:part0:1.3 available at C:/Xilinx/Vivado/2024.1/data/xhub/boards/XilinxBoardStore/boards/Xilinx/vcu1525/1.3/board.xml as part xcvu9p-fsgd2104-2l-e specified in board_part file is either invalid or not available
WARNING: [Board 49-26] cannot add Board Part xilinx.com:vek280:part0:1.0 available at C:/Xilinx/Vivado/2024.1/data/xhub/boards/XilinxBoardStore/boards/Xilinx/vek280/production/1.0/board.xml as part xcve2802-vsvh1760-2mp-e-s specified in board_part file is either invalid or not available
WARNING: [Board 49-26] cannot add Board Part xilinx.com:vek280:part0:1.1 available at C:/Xilinx/Vivado/2024.1/data/xhub/boards/XilinxBoardStore/boards/Xilinx/vek280/production/1.1/board.xml as part xcve2802-vsvh1760-2mp-e-s specified in board_part file is either invalid or not available
WARNING: [Board 49-26] cannot add Board Part xilinx.com:vek280:part0:1.2 available at C:/Xilinx/Vivado/2024.1/data/xhub/boards/XilinxBoardStore/boards/Xilinx/vek280/production/1.2/board.xml as part xcve2802-vsvh1760-2mp-e-s specified in board_part file is either invalid or not available
WARNING: [Board 49-26] cannot add Board Part xilinx.com:vek280_es:part0:1.0 available at C:/Xilinx/Vivado/2024.1/data/xhub/boards/XilinxBoardStore/boards/Xilinx/vek280/es/rev_a/1.0/board.xml as part xcve2802-vsvh1760-2lp-e-s-es1 specified in board_part file is either invalid or not available
WARNING: [Board 49-26] cannot add Board Part xilinx.com:vek280_es:part0:1.1 available at C:/Xilinx/Vivado/2024.1/data/xhub/boards/XilinxBoardStore/boards/Xilinx/vek280/es/rev_a/1.1/board.xml as part xcve2802-vsvh1760-2lp-e-s-es1 specified in board_part file is either invalid or not available
WARNING: [Board 49-26] cannot add Board Part xilinx.com:vek280_es_revb:part0:1.0 available at C:/Xilinx/Vivado/2024.1/data/xhub/boards/XilinxBoardStore/boards/Xilinx/vek280/es/rev_b/1.0/board.xml as part xcve2802-vsvh1760-2mp-e-s-es1 specified in board_part file is either invalid or not available
WARNING: [Board 49-26] cannot add Board Part xilinx.com:vek280_es_revb:part0:1.1 available at C:/Xilinx/Vivado/2024.1/data/xhub/boards/XilinxBoardStore/boards/Xilinx/vek280/es/rev_b/1.1/board.xml as part xcve2802-vsvh1760-2mp-e-s-es1 specified in board_part file is either invalid or not available
WARNING: [Board 49-26] cannot add Board Part xilinx.com:vermeo_t1_mpsoc:part0:1.0 available at C:/Xilinx/Vivado/2024.1/data/xhub/boards/XilinxBoardStore/boards/Xilinx/vermeo_t1_mpsoc/1.0/board.xml as part xczu19eg-ffvd1760-2l-e specified in board_part file is either invalid or not available
WARNING: [Board 49-26] cannot add Board Part xilinx.com:vermeo_t1_rfsoc:part0:1.0 available at C:/Xilinx/Vivado/2024.1/data/xhub/boards/XilinxBoardStore/boards/Xilinx/vermeo_t1_rfsoc/1.0/board.xml as part xczu21dr-ffvd1156-2l-e specified in board_part file is either invalid or not available
WARNING: [Board 49-26] cannot add Board Part xilinx.com:vhk158:part0:1.0 available at C:/Xilinx/Vivado/2024.1/data/xhub/boards/XilinxBoardStore/boards/Xilinx/vhk158/production/1.0/board.xml as part xcvh1582-vsva3697-2mp-e-s specified in board_part file is either invalid or not available
WARNING: [Board 49-26] cannot add Board Part xilinx.com:vhk158:part0:1.1 available at C:/Xilinx/Vivado/2024.1/data/xhub/boards/XilinxBoardStore/boards/Xilinx/vhk158/production/1.1/board.xml as part xcvh1582-vsva3697-2mp-e-s specified in board_part file is either invalid or not available
WARNING: [Board 49-26] cannot add Board Part xilinx.com:vhk158_es:part0:1.0 available at C:/Xilinx/Vivado/2024.1/data/xhub/boards/XilinxBoardStore/boards/Xilinx/vhk158/es/1.0/board.xml as part xcvh1582-vsva3697-2mp-e-s-es1 specified in board_part file is either invalid or not available
WARNING: [Board 49-26] cannot add Board Part xilinx.com:vhk158_es:part0:1.1 available at C:/Xilinx/Vivado/2024.1/data/xhub/boards/XilinxBoardStore/boards/Xilinx/vhk158/es/1.1/board.xml as part xcvh1582-vsva3697-2mp-e-s-es1 specified in board_part file is either invalid or not available
WARNING: [Board 49-26] cannot add Board Part xilinx.com:vmk180:part0:2.2 available at C:/Xilinx/Vivado/2024.1/data/xhub/boards/XilinxBoardStore/boards/Xilinx/vmk180/production/2.2/board.xml as part xcvm1802-vsva2197-2mp-e-s specified in board_part file is either invalid or not available
WARNING: [Board 49-26] cannot add Board Part xilinx.com:vmk180:part0:3.0 available at C:/Xilinx/Vivado/2024.1/data/xhub/boards/XilinxBoardStore/boards/Xilinx/vmk180/production/3.0/board.xml as part xcvm1802-vsva2197-2mp-e-s specified in board_part file is either invalid or not available
WARNING: [Board 49-26] cannot add Board Part xilinx.com:vmk180:part0:3.1 available at C:/Xilinx/Vivado/2024.1/data/xhub/boards/XilinxBoardStore/boards/Xilinx/vmk180/production/3.1/board.xml as part xcvm1802-vsva2197-2mp-e-s specified in board_part file is either invalid or not available
WARNING: [Board 49-26] cannot add Board Part xilinx.com:vmk180:part0:3.2 available at C:/Xilinx/Vivado/2024.1/data/xhub/boards/XilinxBoardStore/boards/Xilinx/vmk180/production/3.2/board.xml as part xcvm1802-vsva2197-2mp-e-s specified in board_part file is either invalid or not available
WARNING: [Board 49-26] cannot add Board Part xilinx.com:vmk180_newl:part0:1.0 available at C:/Xilinx/Vivado/2024.1/data/xhub/boards/XilinxBoardStore/boards/Xilinx/vmk180_newl/production/1.0/board.xml as part xcvm1802-vsva2197-2mp-e-s specified in board_part file is either invalid or not available
WARNING: [Board 49-26] cannot add Board Part xilinx.com:vmk180_newl:part0:1.1 available at C:/Xilinx/Vivado/2024.1/data/xhub/boards/XilinxBoardStore/boards/Xilinx/vmk180_newl/production/1.1/board.xml as part xcvm1802-vsva2197-2mp-e-s specified in board_part file is either invalid or not available
WARNING: [Board 49-26] cannot add Board Part xilinx.com:vpk120:part0:1.0 available at C:/Xilinx/Vivado/2024.1/data/xhub/boards/XilinxBoardStore/boards/Xilinx/vpk120/production/1.0/board.xml as part xcvp1202-vsva2785-2mp-e-s specified in board_part file is either invalid or not available
WARNING: [Board 49-26] cannot add Board Part xilinx.com:vpk120:part0:1.1 available at C:/Xilinx/Vivado/2024.1/data/xhub/boards/XilinxBoardStore/boards/Xilinx/vpk120/production/1.1/board.xml as part xcvp1202-vsva2785-2mp-e-s specified in board_part file is either invalid or not available
WARNING: [Board 49-26] cannot add Board Part xilinx.com:vpk120:part0:1.2 available at C:/Xilinx/Vivado/2024.1/data/xhub/boards/XilinxBoardStore/boards/Xilinx/vpk120/production/1.2/board.xml as part xcvp1202-vsva2785-2mp-e-s specified in board_part file is either invalid or not available
WARNING: [Board 49-26] cannot add Board Part xilinx.com:vpk180:part0:1.0 available at C:/Xilinx/Vivado/2024.1/data/xhub/boards/XilinxBoardStore/boards/Xilinx/vpk180/production/1.0/board.xml as part xcvp1802-lsvc4072-2mp-e-s specified in board_part file is either invalid or not available
WARNING: [Board 49-26] cannot add Board Part xilinx.com:vpk180:part0:1.1 available at C:/Xilinx/Vivado/2024.1/data/xhub/boards/XilinxBoardStore/boards/Xilinx/vpk180/production/1.1/board.xml as part xcvp1802-lsvc4072-2mp-e-s specified in board_part file is either invalid or not available
WARNING: [Board 49-26] cannot add Board Part xilinx.com:vpk180:part0:1.2 available at C:/Xilinx/Vivado/2024.1/data/xhub/boards/XilinxBoardStore/boards/Xilinx/vpk180/production/1.2/board.xml as part xcvp1802-lsvc4072-2mp-e-s specified in board_part file is either invalid or not available
WARNING: [Board 49-26] cannot add Board Part xilinx.com:zc706:part0:1.4 available at C:/Xilinx/Vivado/2024.1/data/xhub/boards/XilinxBoardStore/boards/Xilinx/zc706/1.4/board.xml as part xc7z045ffg900-2 specified in board_part file is either invalid or not available
WARNING: [Board 49-26] cannot add Board Part xilinx.com:zcu102:part0:3.3 available at C:/Xilinx/Vivado/2024.1/data/xhub/boards/XilinxBoardStore/boards/Xilinx/zcu102/3.3/board.xml as part xczu9eg-ffvb1156-2-e specified in board_part file is either invalid or not available
WARNING: [Board 49-26] cannot add Board Part xilinx.com:zcu102:part0:3.4 available at C:/Xilinx/Vivado/2024.1/data/xhub/boards/XilinxBoardStore/boards/Xilinx/zcu102/3.4/board.xml as part xczu9eg-ffvb1156-2-e specified in board_part file is either invalid or not available
WARNING: [Board 49-26] cannot add Board Part xilinx.com:zcu111:part0:1.2 available at C:/Xilinx/Vivado/2024.1/data/xhub/boards/XilinxBoardStore/boards/Xilinx/zcu111/1.2/board.xml as part xczu28dr-ffvg1517-2-e specified in board_part file is either invalid or not available
WARNING: [Board 49-26] cannot add Board Part xilinx.com:zcu111:part0:1.3 available at C:/Xilinx/Vivado/2024.1/data/xhub/boards/XilinxBoardStore/boards/Xilinx/zcu111/1.3/board.xml as part xczu28dr-ffvg1517-2-e specified in board_part file is either invalid or not available
WARNING: [Board 49-26] cannot add Board Part xilinx.com:zcu111:part0:1.4 available at C:/Xilinx/Vivado/2024.1/data/xhub/boards/XilinxBoardStore/boards/Xilinx/zcu111/1.4/board.xml as part xczu28dr-ffvg1517-2-e specified in board_part file is either invalid or not available
WARNING: [Board 49-26] cannot add Board Part xilinx.com:zcu1275:part0:1.0 available at C:/Xilinx/Vivado/2024.1/data/xhub/boards/XilinxBoardStore/boards/Xilinx/zcu1275/1.0/board.xml as part xczu29dr-ffvf1760-2-e specified in board_part file is either invalid or not available
WARNING: [Board 49-26] cannot add Board Part xilinx.com:zcu1285:part0:1.0 available at C:/Xilinx/Vivado/2024.1/data/xhub/boards/XilinxBoardStore/boards/Xilinx/zcu1285/1.0/board.xml as part xczu39dr-ffvf1760-2-i specified in board_part file is either invalid or not available
WARNING: [Board 49-26] cannot add Board Part xilinx.com:zcu208:part0:2.0 available at C:/Xilinx/Vivado/2024.1/data/xhub/boards/XilinxBoardStore/boards/Xilinx/zcu208/production/2.0/board.xml as part xczu48dr-fsvg1517-2-e specified in board_part file is either invalid or not available
WARNING: [Board 49-26] cannot add Board Part xilinx.com:zcu208ld:part0:2.0 available at C:/Xilinx/Vivado/2024.1/data/xhub/boards/XilinxBoardStore/boards/Xilinx/zcu208ld/production/2.0/board.xml as part xczu58dr-fsvg1517-2-i specified in board_part file is either invalid or not available
WARNING: [Board 49-26] cannot add Board Part xilinx.com:zcu216:part0:2.0 available at C:/Xilinx/Vivado/2024.1/data/xhub/boards/XilinxBoardStore/boards/Xilinx/zcu216/production/2.0/board.xml as part xczu49dr-ffvf1760-2-e specified in board_part file is either invalid or not available
WARNING: [Board 49-26] cannot add Board Part xilinx.com:zcu216ld:part0:2.0 available at C:/Xilinx/Vivado/2024.1/data/xhub/boards/XilinxBoardStore/boards/Xilinx/zcu216ld/production/2.0/board.xml as part xczu59dr-ffvf1760-2-i specified in board_part file is either invalid or not available
WARNING: [Board 49-26] cannot add Board Part xilinx.com:zcu670:part0:2.0 available at C:/Xilinx/Vivado/2024.1/data/xhub/boards/XilinxBoardStore/boards/Xilinx/zcu670/2.0/board.xml as part xczu67dr-fsve1156-2-i specified in board_part file is either invalid or not available
WARNING: [Board 49-26] cannot add Board Part xilinx.com:zcu670ld:part0:1.0 available at C:/Xilinx/Vivado/2024.1/data/xhub/boards/XilinxBoardStore/boards/Xilinx/zcu670ld/1.0/board.xml as part xczu57dr-fsve1156-2-i specified in board_part file is either invalid or not available
INFO: [Project 1-313] Project file moved from 'D:/ee-205_update' since last save.
INFO: [filemgmt 56-3] Default IP Output Path : Could not find the directory 'D:/RC4_with_speck/DESIGN_LAB_NOW_FINAL_HOPE_SO.gen/sources_1'.
Scanning sources...
Finished scanning sources
INFO: [IP_Flow 19-234] Refreshing IP repositories
INFO: [IP_Flow 19-1704] No user IP repositories specified
INFO: [IP_Flow 19-2313] Loaded Vivado IP repository 'C:/Xilinx/Vivado/2024.1/data/ip'.
open_project: Time (s): cpu = 00:00:25 ; elapsed = 00:00:17 . Memory (MB): peak = 1543.262 ; gain = 423.223
update_compile_order -fileset sources_1
launch_simulation
Command: launch_simulation 
INFO: [Vivado 12-12493] Simulation top is 'tb_rc4'
WARNING: [Vivado 12-13340] Unable to auto find GCC executables from simulator install path! (path not set)
INFO: [Vivado 12-5682] Launching behavioral simulation in 'D:/RC4_with_speck/DESIGN_LAB_NOW_FINAL_HOPE_SO.sim/sim_1/behav/xsim'
INFO: [SIM-utils-51] Simulation object is 'sim_1'
INFO: [SIM-utils-72] Using boost library from 'C:/Xilinx/Vivado/2024.1/tps/boost_1_72_0'
INFO: [SIM-utils-54] Inspecting design source files for 'tb_rc4' in fileset 'sim_1'...
INFO: [USF-XSim-97] Finding global include files...
INFO: [USF-XSim-98] Fetching design files from 'sim_1'...
INFO: [USF-XSim-2] XSim::Compile design
INFO: [USF-XSim-61] Executing 'COMPILE and ANALYZE' step in 'D:/RC4_with_speck/DESIGN_LAB_NOW_FINAL_HOPE_SO.sim/sim_1/behav/xsim'
"xvlog --incr --relax -prj tb_rc4_vlog.prj"
INFO: [VRFC 10-2263] Analyzing Verilog file "D:/RC4_with_speck/DESIGN_LAB_NOW_FINAL_HOPE_SO.srcs/sources_1/new/Adder_speck.v" into library xil_defaultlib
INFO: [VRFC 10-311] analyzing module adder_speck
INFO: [VRFC 10-2263] Analyzing Verilog file "D:/RC4_with_speck/DESIGN_LAB_NOW_FINAL_HOPE_SO.srcs/sources_1/new/CLK_DIV_RC_4.v" into library xil_defaultlib
INFO: [VRFC 10-311] analyzing module clk_div_rc4
INFO: [VRFC 10-2263] Analyzing Verilog file "D:/RC4_with_speck/DESIGN_LAB_NOW_FINAL_HOPE_SO.srcs/sources_1/new/RC_4_DATAPATH.v" into library xil_defaultlib
INFO: [VRFC 10-311] analyzing module RC4_DATAPATH
INFO: [VRFC 10-2263] Analyzing Verilog file "D:/RC4_with_speck/DESIGN_LAB_NOW_FINAL_HOPE_SO.srcs/sources_1/new/Reg_speck.v" into library xil_defaultlib
INFO: [VRFC 10-311] analyzing module reg_speck
INFO: [VRFC 10-2263] Analyzing Verilog file "D:/RC4_with_speck/DESIGN_LAB_NOW_FINAL_HOPE_SO.srcs/sources_1/new/SPECK_HASH_DATAPATH.v" into library xil_defaultlib
INFO: [VRFC 10-311] analyzing module SPECK_HASH_DATAPATH
INFO: [VRFC 10-2263] Analyzing Verilog file "D:/RC4_with_speck/DESIGN_LAB_NOW_FINAL_HOPE_SO.srcs/sources_1/new/TOP_Module_final.v" into library xil_defaultlib
INFO: [VRFC 10-311] analyzing module TOP_Module_final
INFO: [VRFC 10-2263] Analyzing Verilog file "D:/RC4_with_speck/DESIGN_LAB_NOW_FINAL_HOPE_SO.srcs/sources_1/new/Top_module.v" into library xil_defaultlib
INFO: [VRFC 10-311] analyzing module Top_module_datapath
INFO: [VRFC 10-2263] Analyzing Verilog file "D:/RC4_with_speck/DESIGN_LAB_NOW_FINAL_HOPE_SO.srcs/sources_1/new/adder_rc4.v" into library xil_defaultlib
INFO: [VRFC 10-311] analyzing module adder_rc4
INFO: [VRFC 10-2263] Analyzing Verilog file "D:/RC4_with_speck/DESIGN_LAB_NOW_FINAL_HOPE_SO.srcs/sources_1/new/buffer_speck.v" into library xil_defaultlib
INFO: [VRFC 10-311] analyzing module buffer_speck
INFO: [VRFC 10-2263] Analyzing Verilog file "D:/RC4_with_speck/DESIGN_LAB_NOW_FINAL_HOPE_SO.srcs/sources_1/new/compare_0001.v" into library xil_defaultlib
INFO: [VRFC 10-311] analyzing module compare_0001
INFO: [VRFC 10-2263] Analyzing Verilog file "D:/RC4_with_speck/DESIGN_LAB_NOW_FINAL_HOPE_SO.srcs/sources_1/new/comparing_5bit_00000.v" into library xil_defaultlib
INFO: [VRFC 10-311] analyzing module comparing_5bit_10101
INFO: [VRFC 10-2263] Analyzing Verilog file "D:/RC4_with_speck/DESIGN_LAB_NOW_FINAL_HOPE_SO.srcs/sources_1/new/control_path_rc4.v" into library xil_defaultlib
INFO: [VRFC 10-311] analyzing module control_path_rc4
INFO: [VRFC 10-2263] Analyzing Verilog file "D:/RC4_with_speck/DESIGN_LAB_NOW_FINAL_HOPE_SO.srcs/sources_1/new/control_path_speck.v" into library xil_defaultlib
INFO: [VRFC 10-311] analyzing module control_path_speck
INFO: [VRFC 10-2263] Analyzing Verilog file "D:/RC4_with_speck/DESIGN_LAB_NOW_FINAL_HOPE_SO.srcs/sources_1/new/control_path_top.v" into library xil_defaultlib
INFO: [VRFC 10-311] analyzing module Top_module_controlpath
INFO: [VRFC 10-2263] Analyzing Verilog file "D:/RC4_with_speck/DESIGN_LAB_NOW_FINAL_HOPE_SO.srcs/sources_1/new/copy_rc4.v" into library xil_defaultlib
INFO: [VRFC 10-311] analyzing module copy_rc4
INFO: [VRFC 10-2263] Analyzing Verilog file "D:/RC4_with_speck/DESIGN_LAB_NOW_FINAL_HOPE_SO.srcs/sources_1/new/counter_2bit_down.v" into library xil_defaultlib
INFO: [VRFC 10-311] analyzing module counter_2bit_down_speck
INFO: [VRFC 10-2263] Analyzing Verilog file "D:/RC4_with_speck/DESIGN_LAB_NOW_FINAL_HOPE_SO.srcs/sources_1/new/counter_3bit_down.v" into library xil_defaultlib
INFO: [VRFC 10-311] analyzing module counter_3bit_down_speck
INFO: [VRFC 10-2263] Analyzing Verilog file "D:/RC4_with_speck/DESIGN_LAB_NOW_FINAL_HOPE_SO.srcs/sources_1/new/counter_3bit_up_rc_4.v" into library xil_defaultlib
INFO: [VRFC 10-311] analyzing module counter_3bit_up_rc4
INFO: [VRFC 10-2263] Analyzing Verilog file "D:/RC4_with_speck/DESIGN_LAB_NOW_FINAL_HOPE_SO.srcs/sources_1/new/counter_4bit_up.v" into library xil_defaultlib
INFO: [VRFC 10-311] analyzing module counter_4bit_up_speck
INFO: [VRFC 10-2263] Analyzing Verilog file "D:/RC4_with_speck/DESIGN_LAB_NOW_FINAL_HOPE_SO.srcs/sources_1/new/counter_4bit_up_plus1_rc4.v" into library xil_defaultlib
INFO: [VRFC 10-311] analyzing module counter_4bit_up_plus1_rc4
INFO: [VRFC 10-2263] Analyzing Verilog file "D:/RC4_with_speck/DESIGN_LAB_NOW_FINAL_HOPE_SO.srcs/sources_1/new/counter_4bit_up_plus2_rc4.v" into library xil_defaultlib
INFO: [VRFC 10-311] analyzing module counter_4bit_up_plus2_rc4
INFO: [VRFC 10-2263] Analyzing Verilog file "D:/RC4_with_speck/DESIGN_LAB_NOW_FINAL_HOPE_SO.srcs/sources_1/new/eqz_comparing_0.v" into library xil_defaultlib
INFO: [VRFC 10-311] analyzing module eqz_comparing_0_speck
INFO: [VRFC 10-2263] Analyzing Verilog file "D:/RC4_with_speck/DESIGN_LAB_NOW_FINAL_HOPE_SO.srcs/sources_1/new/eqz_comparing_1.v" into library xil_defaultlib
INFO: [VRFC 10-311] analyzing module eqz_comparing_1_speck
INFO: [VRFC 10-2263] Analyzing Verilog file "D:/RC4_with_speck/DESIGN_LAB_NOW_FINAL_HOPE_SO.srcs/sources_1/new/eqz_comparing_15_rc_4.v" into library xil_defaultlib
INFO: [VRFC 10-311] analyzing module eqz_comparing_15_rc4
INFO: [VRFC 10-2263] Analyzing Verilog file "D:/RC4_with_speck/DESIGN_LAB_NOW_FINAL_HOPE_SO.srcs/sources_1/new/eqz_comparing_7_rc_4.v" into library xil_defaultlib
INFO: [VRFC 10-311] analyzing module eqz_comparing_7_rc4
INFO: [VRFC 10-2263] Analyzing Verilog file "D:/RC4_with_speck/DESIGN_LAB_NOW_FINAL_HOPE_SO.srcs/sources_1/new/eqz_comparing_9.v" into library xil_defaultlib
INFO: [VRFC 10-311] analyzing module eqz_comparing_9_speck
INFO: [VRFC 10-2263] Analyzing Verilog file "D:/RC4_with_speck/DESIGN_LAB_NOW_FINAL_HOPE_SO.srcs/sources_1/new/karray_read_write_rc4.v" into library xil_defaultlib
INFO: [VRFC 10-311] analyzing module karray_read_write_rc4
INFO: [VRFC 10-2263] Analyzing Verilog file "D:/RC4_with_speck/DESIGN_LAB_NOW_FINAL_HOPE_SO.srcs/sources_1/new/mod16_rc4.v" into library xil_defaultlib
INFO: [VRFC 10-311] analyzing module mod16_rc4
INFO: [VRFC 10-2263] Analyzing Verilog file "D:/RC4_with_speck/DESIGN_LAB_NOW_FINAL_HOPE_SO.srcs/sources_1/new/mux2to1_rc4.v" into library xil_defaultlib
INFO: [VRFC 10-311] analyzing module mux2to1_rc4
INFO: [VRFC 10-2263] Analyzing Verilog file "D:/RC4_with_speck/DESIGN_LAB_NOW_FINAL_HOPE_SO.srcs/sources_1/new/mux2to1_speck.v" into library xil_defaultlib
INFO: [VRFC 10-311] analyzing module mux2to1_speck
INFO: [VRFC 10-2263] Analyzing Verilog file "D:/RC4_with_speck/DESIGN_LAB_NOW_FINAL_HOPE_SO.srcs/sources_1/new/reg_rc4.v" into library xil_defaultlib
INFO: [VRFC 10-311] analyzing module reg_rc4
INFO: [VRFC 10-2263] Analyzing Verilog file "D:/RC4_with_speck/DESIGN_LAB_NOW_FINAL_HOPE_SO.srcs/sources_1/new/sarray_read_rc4.v" into library xil_defaultlib
INFO: [VRFC 10-311] analyzing module sarray_read_rc4
INFO: [VRFC 10-2263] Analyzing Verilog file "D:/RC4_with_speck/DESIGN_LAB_NOW_FINAL_HOPE_SO.srcs/sources_1/new/shift_left_speck.v" into library xil_defaultlib
INFO: [VRFC 10-311] analyzing module shift_left_speck
INFO: [VRFC 10-2263] Analyzing Verilog file "D:/RC4_with_speck/DESIGN_LAB_NOW_FINAL_HOPE_SO.srcs/sources_1/new/shift_right.v" into library xil_defaultlib
INFO: [VRFC 10-311] analyzing module shift_right_speck
INFO: [VRFC 10-2263] Analyzing Verilog file "D:/RC4_with_speck/DESIGN_LAB_NOW_FINAL_HOPE_SO.srcs/sources_1/new/swap_rc4.v" into library xil_defaultlib
INFO: [VRFC 10-311] analyzing module swap_rc4
INFO: [VRFC 10-2263] Analyzing Verilog file "D:/RC4_with_speck/DESIGN_LAB_NOW_FINAL_HOPE_SO.srcs/sources_1/new/up_counter_5bit.v" into library xil_defaultlib
INFO: [VRFC 10-311] analyzing module up_counter_5bit
INFO: [VRFC 10-2263] Analyzing Verilog file "D:/RC4_with_speck/DESIGN_LAB_NOW_FINAL_HOPE_SO.srcs/sources_1/new/write_rc4.v" into library xil_defaultlib
INFO: [VRFC 10-311] analyzing module write_rc4
INFO: [VRFC 10-2263] Analyzing Verilog file "D:/RC4_with_speck/DESIGN_LAB_NOW_FINAL_HOPE_SO.srcs/sources_1/new/write_read_final_speck_memory.v" into library xil_defaultlib
INFO: [VRFC 10-311] analyzing module write_read_final_speck_memory
INFO: [VRFC 10-2263] Analyzing Verilog file "D:/RC4_with_speck/DESIGN_LAB_NOW_FINAL_HOPE_SO.srcs/sim_1/new/tb_rc4.v" into library xil_defaultlib
INFO: [VRFC 10-311] analyzing module tb_rc4
INFO: [VRFC 10-2263] Analyzing Verilog file "D:/RC4_with_speck/DESIGN_LAB_NOW_FINAL_HOPE_SO.sim/sim_1/behav/xsim/glbl.v" into library xil_defaultlib
INFO: [VRFC 10-311] analyzing module glbl
run_program: Time (s): cpu = 00:00:01 ; elapsed = 00:00:07 . Memory (MB): peak = 1543.262 ; gain = 0.000
INFO: [USF-XSim-69] 'compile' step finished in '8' seconds
INFO: [USF-XSim-3] XSim::Elaborate design
INFO: [USF-XSim-61] Executing 'ELABORATE' step in 'D:/RC4_with_speck/DESIGN_LAB_NOW_FINAL_HOPE_SO.sim/sim_1/behav/xsim'
"xelab --incr --debug typical --relax --mt 2 -L xil_defaultlib -L unisims_ver -L unimacro_ver -L secureip --snapshot tb_rc4_behav xil_defaultlib.tb_rc4 xil_defaultlib.glbl -log elaborate.log"
Vivado Simulator v2024.1
Copyright 1986-2022 Xilinx, Inc. All Rights Reserved.
Copyright 2022-2024 Advanced Micro Devices, Inc. All Rights Reserved.
Running: C:/Xilinx/Vivado/2024.1/bin/unwrapped/win64.o/xelab.exe --incr --debug typical --relax --mt 2 -L xil_defaultlib -L unisims_ver -L unimacro_ver -L secureip --snapshot tb_rc4_behav xil_defaultlib.tb_rc4 xil_defaultlib.glbl -log elaborate.log 
Using 2 slave threads.
Starting static elaboration
Pass Through NonSizing Optimizer
WARNING: [VRFC 10-3091] actual bit length 5 differs from formal bit length 4 for port 'in1' [D:/RC4_with_speck/DESIGN_LAB_NOW_FINAL_HOPE_SO.srcs/sources_1/new/RC_4_DATAPATH.v:28]
WARNING: [VRFC 10-3091] actual bit length 32 differs from formal bit length 4 for port 'in2' [D:/RC4_with_speck/DESIGN_LAB_NOW_FINAL_HOPE_SO.srcs/sources_1/new/RC_4_DATAPATH.v:43]
Completed static elaboration
Starting simulation data flow analysis
Completed simulation data flow analysis
Time Resolution for simulation is 1ps
Compiling module xil_defaultlib.counter_4bit_up_speck
Compiling module xil_defaultlib.compare_0001
Compiling module xil_defaultlib.counter_2bit_down_speck
Compiling module xil_defaultlib.counter_3bit_down_speck
Compiling module xil_defaultlib.mux2to1_speck
Compiling module xil_defaultlib.reg_speck
Compiling module xil_defaultlib.shift_right_speck
Compiling module xil_defaultlib.adder_speck
Compiling module xil_defaultlib.shift_left_speck
Compiling module xil_defaultlib.buffer_speck
Compiling module xil_defaultlib.eqz_comparing_0_speck
Compiling module xil_defaultlib.eqz_comparing_1_speck
Compiling module xil_defaultlib.eqz_comparing_9_speck
Compiling module xil_defaultlib.write_read_final_speck_memory
Compiling module xil_defaultlib.SPECK_HASH_DATAPATH
Compiling module xil_defaultlib.control_path_speck
Compiling module xil_defaultlib.clk_div_rc4
Compiling module xil_defaultlib.reg_rc4
Compiling module xil_defaultlib.eqz_comparing_15_rc4
Compiling module xil_defaultlib.eqz_comparing_7_rc4
Compiling module xil_defaultlib.comparing_5bit_10101
Compiling module xil_defaultlib.counter_3bit_up_rc4
Compiling module xil_defaultlib.counter_4bit_up_plus1_rc4
Compiling module xil_defaultlib.counter_4bit_up_plus2_rc4
Compiling module xil_defaultlib.up_counter_5bit
Compiling module xil_defaultlib.sarray_read_rc4
Compiling module xil_defaultlib.karray_read_write_rc4
Compiling module xil_defaultlib.adder_rc4
Compiling module xil_defaultlib.mod16_rc4
Compiling module xil_defaultlib.mux2to1_rc4
Compiling module xil_defaultlib.swap_rc4
Compiling module xil_defaultlib.copy_rc4
Compiling module xil_defaultlib.write_rc4
Compiling module xil_defaultlib.RC4_DATAPATH
Compiling module xil_defaultlib.control_path_rc4
Compiling module xil_defaultlib.Top_module_datapath
Compiling module xil_defaultlib.Top_module_controlpath
Compiling module xil_defaultlib.TOP_Module_final
Compiling module xil_defaultlib.tb_rc4
Compiling module xil_defaultlib.glbl
Built simulation snapshot tb_rc4_behav
INFO: [USF-XSim-69] 'elaborate' step finished in '4' seconds
INFO: [USF-XSim-4] XSim::Simulate design
INFO: [USF-XSim-61] Executing 'SIMULATE' step in 'D:/RC4_with_speck/DESIGN_LAB_NOW_FINAL_HOPE_SO.sim/sim_1/behav/xsim'
INFO: [USF-XSim-98] *** Running xsim
   with args "tb_rc4_behav -key {Behavioral:sim_1:Functional:tb_rc4} -tclbatch {tb_rc4.tcl} -log {simulate.log}"
INFO: [USF-XSim-8] Loading simulator feature
Time resolution is 1 ps
source tb_rc4.tcl
# set curr_wave [current_wave_config]
# if { [string length $curr_wave] == 0 } {
#   if { [llength [get_objects]] > 0} {
#     add_wave /
#     set_property needs_save false [current_wave_config]
#   } else {
#      send_msg_id Add_Wave-1 WARNING "No top level signals found. Simulator will start without a wave window. If you want to open a wave window go to 'File->New Waveform Configuration' or type 'create_wave_config' in the TCL console."
#   }
# }
# run 1000ns
xsim: Time (s): cpu = 00:00:04 ; elapsed = 00:00:05 . Memory (MB): peak = 1582.000 ; gain = 33.352
INFO: [USF-XSim-96] XSim completed. Design snapshot 'tb_rc4_behav' loaded.
INFO: [USF-XSim-97] XSim simulation ran for 1000ns
launch_simulation: Time (s): cpu = 00:00:07 ; elapsed = 00:00:19 . Memory (MB): peak = 1582.000 ; gain = 38.738
run 3000 ns
WARNING: [filemgmt 56-199] Attempt to get parsing info during refresh. "On-the-fly" syntax checking information may be incorrect. [D:\RC4_with_speck\DESIGN_LAB_NOW_FINAL_HOPE_SO.srcs\sources_1\new\write_rc4.v:]
WARNING: [filemgmt 56-199] Attempt to get parsing info during refresh. "On-the-fly" syntax checking information may be incorrect. [D:\RC4_with_speck\DESIGN_LAB_NOW_FINAL_HOPE_SO.srcs\sources_1\new\TOP_Module_final.v:]
WARNING: [filemgmt 56-199] Attempt to get parsing info during refresh. "On-the-fly" syntax checking information may be incorrect. [D:\RC4_with_speck\DESIGN_LAB_NOW_FINAL_HOPE_SO.srcs\sim_1\new\tb_rc4.v:]
WARNING: [filemgmt 56-199] Attempt to get parsing info during refresh. "On-the-fly" syntax checking information may be incorrect. [D:\RC4_with_speck\DESIGN_LAB_NOW_FINAL_HOPE_SO.srcs\sources_1\new\Top_module.v:]
WARNING: [filemgmt 56-199] Attempt to get parsing info during refresh. "On-the-fly" syntax checking information may be incorrect. [D:\RC4_with_speck\DESIGN_LAB_NOW_FINAL_HOPE_SO.srcs\sources_1\new\RC_4_DATAPATH.v:]
WARNING: [filemgmt 56-199] Attempt to get parsing info during refresh. "On-the-fly" syntax checking information may be incorrect. [D:\RC4_with_speck\DESIGN_LAB_NOW_FINAL_HOPE_SO.srcs\sim_1\new\tb_rc4.v:]
WARNING: [filemgmt 56-199] Attempt to get parsing info during refresh. "On-the-fly" syntax checking information may be incorrect. [D:\RC4_with_speck\DESIGN_LAB_NOW_FINAL_HOPE_SO.srcs\sim_1\new\tb_rc4.v:]
WARNING: [filemgmt 56-199] Attempt to get parsing info during refresh. "On-the-fly" syntax checking information may be incorrect. [D:\RC4_with_speck\DESIGN_LAB_NOW_FINAL_HOPE_SO.srcs\sources_1\new\write_rc4.v:]
WARNING: [filemgmt 56-199] Attempt to get parsing info during refresh. "On-the-fly" syntax checking information may be incorrect. [D:\RC4_with_speck\DESIGN_LAB_NOW_FINAL_HOPE_SO.srcs\sources_1\new\TOP_Module_final.v:]
WARNING: [filemgmt 56-199] Attempt to get parsing info during refresh. "On-the-fly" syntax checking information may be incorrect. [D:\RC4_with_speck\DESIGN_LAB_NOW_FINAL_HOPE_SO.srcs\sim_1\new\tb_rc4.v:]
WARNING: [filemgmt 56-199] Attempt to get parsing info during refresh. "On-the-fly" syntax checking information may be incorrect. [D:\RC4_with_speck\DESIGN_LAB_NOW_FINAL_HOPE_SO.srcs\sources_1\new\Top_module.v:]
WARNING: [filemgmt 56-199] Attempt to get parsing info during refresh. "On-the-fly" syntax checking information may be incorrect. [D:\RC4_with_speck\DESIGN_LAB_NOW_FINAL_HOPE_SO.srcs\sources_1\new\RC_4_DATAPATH.v:]
WARNING: [filemgmt 56-199] Attempt to get parsing info during refresh. "On-the-fly" syntax checking information may be incorrect. [D:\RC4_with_speck\DESIGN_LAB_NOW_FINAL_HOPE_SO.srcs\sources_1\new\RC_4_DATAPATH.v:]
WARNING: [filemgmt 56-199] Attempt to get parsing info during refresh. "On-the-fly" syntax checking information may be incorrect. [D:\RC4_with_speck\DESIGN_LAB_NOW_FINAL_HOPE_SO.srcs\sources_1\new\RC_4_DATAPATH.v:]
WARNING: [filemgmt 56-199] Attempt to get parsing info during refresh. "On-the-fly" syntax checking information may be incorrect. [D:\RC4_with_speck\DESIGN_LAB_NOW_FINAL_HOPE_SO.srcs\sources_1\new\write_rc4.v:]
WARNING: [filemgmt 56-199] Attempt to get parsing info during refresh. "On-the-fly" syntax checking information may be incorrect. [D:\RC4_with_speck\DESIGN_LAB_NOW_FINAL_HOPE_SO.srcs\sources_1\new\TOP_Module_final.v:]
WARNING: [filemgmt 56-199] Attempt to get parsing info during refresh. "On-the-fly" syntax checking information may be incorrect. [D:\RC4_with_speck\DESIGN_LAB_NOW_FINAL_HOPE_SO.srcs\sim_1\new\tb_rc4.v:]
WARNING: [filemgmt 56-199] Attempt to get parsing info during refresh. "On-the-fly" syntax checking information may be incorrect. [D:\RC4_with_speck\DESIGN_LAB_NOW_FINAL_HOPE_SO.srcs\sources_1\new\Top_module.v:]
WARNING: [filemgmt 56-199] Attempt to get parsing info during refresh. "On-the-fly" syntax checking information may be incorrect. [D:\RC4_with_speck\DESIGN_LAB_NOW_FINAL_HOPE_SO.srcs\sources_1\new\RC_4_DATAPATH.v:]
WARNING: [filemgmt 56-199] Attempt to get parsing info during refresh. "On-the-fly" syntax checking information may be incorrect. [D:\RC4_with_speck\DESIGN_LAB_NOW_FINAL_HOPE_SO.srcs\sources_1\new\Top_module.v:]
WARNING: [filemgmt 56-199] Attempt to get parsing info during refresh. "On-the-fly" syntax checking information may be incorrect. [D:\RC4_with_speck\DESIGN_LAB_NOW_FINAL_HOPE_SO.srcs\sources_1\new\Top_module.v:]
WARNING: [filemgmt 56-199] Attempt to get parsing info during refresh. "On-the-fly" syntax checking information may be incorrect. [D:\RC4_with_speck\DESIGN_LAB_NOW_FINAL_HOPE_SO.srcs\sources_1\new\write_rc4.v:]
WARNING: [filemgmt 56-199] Attempt to get parsing info during refresh. "On-the-fly" syntax checking information may be incorrect. [D:\RC4_with_speck\DESIGN_LAB_NOW_FINAL_HOPE_SO.srcs\sources_1\new\TOP_Module_final.v:]
WARNING: [filemgmt 56-199] Attempt to get parsing info during refresh. "On-the-fly" syntax checking information may be incorrect. [D:\RC4_with_speck\DESIGN_LAB_NOW_FINAL_HOPE_SO.srcs\sim_1\new\tb_rc4.v:]
WARNING: [filemgmt 56-199] Attempt to get parsing info during refresh. "On-the-fly" syntax checking information may be incorrect. [D:\RC4_with_speck\DESIGN_LAB_NOW_FINAL_HOPE_SO.srcs\sources_1\new\Top_module.v:]
WARNING: [filemgmt 56-199] Attempt to get parsing info during refresh. "On-the-fly" syntax checking information may be incorrect. [D:\RC4_with_speck\DESIGN_LAB_NOW_FINAL_HOPE_SO.srcs\sources_1\new\RC_4_DATAPATH.v:]
WARNING: [filemgmt 56-199] Attempt to get parsing info during refresh. "On-the-fly" syntax checking information may be incorrect. [D:\RC4_with_speck\DESIGN_LAB_NOW_FINAL_HOPE_SO.srcs\sources_1\new\TOP_Module_final.v:]
WARNING: [filemgmt 56-199] Attempt to get parsing info during refresh. "On-the-fly" syntax checking information may be incorrect. [D:\RC4_with_speck\DESIGN_LAB_NOW_FINAL_HOPE_SO.srcs\sources_1\new\TOP_Module_final.v:]
WARNING: [filemgmt 56-199] Attempt to get parsing info during refresh. "On-the-fly" syntax checking information may be incorrect. [D:\RC4_with_speck\DESIGN_LAB_NOW_FINAL_HOPE_SO.srcs\sources_1\new\write_rc4.v:]
WARNING: [filemgmt 56-199] Attempt to get parsing info during refresh. "On-the-fly" syntax checking information may be incorrect. [D:\RC4_with_speck\DESIGN_LAB_NOW_FINAL_HOPE_SO.srcs\sources_1\new\TOP_Module_final.v:]
WARNING: [filemgmt 56-199] Attempt to get parsing info during refresh. "On-the-fly" syntax checking information may be incorrect. [D:\RC4_with_speck\DESIGN_LAB_NOW_FINAL_HOPE_SO.srcs\sim_1\new\tb_rc4.v:]
WARNING: [filemgmt 56-199] Attempt to get parsing info during refresh. "On-the-fly" syntax checking information may be incorrect. [D:\RC4_with_speck\DESIGN_LAB_NOW_FINAL_HOPE_SO.srcs\sources_1\new\Top_module.v:]
WARNING: [filemgmt 56-199] Attempt to get parsing info during refresh. "On-the-fly" syntax checking information may be incorrect. [D:\RC4_with_speck\DESIGN_LAB_NOW_FINAL_HOPE_SO.srcs\sources_1\new\RC_4_DATAPATH.v:]
WARNING: [filemgmt 56-199] Attempt to get parsing info during refresh. "On-the-fly" syntax checking information may be incorrect. [D:\RC4_with_speck\DESIGN_LAB_NOW_FINAL_HOPE_SO.srcs\sim_1\new\tb_rc4.v:]
WARNING: [filemgmt 56-199] Attempt to get parsing info during refresh. "On-the-fly" syntax checking information may be incorrect. [D:\RC4_with_speck\DESIGN_LAB_NOW_FINAL_HOPE_SO.srcs\sim_1\new\tb_rc4.v:]
WARNING: [filemgmt 56-199] Attempt to get parsing info during refresh. "On-the-fly" syntax checking information may be incorrect. [D:\RC4_with_speck\DESIGN_LAB_NOW_FINAL_HOPE_SO.srcs\sources_1\new\write_rc4.v:]
WARNING: [filemgmt 56-199] Attempt to get parsing info during refresh. "On-the-fly" syntax checking information may be incorrect. [D:\RC4_with_speck\DESIGN_LAB_NOW_FINAL_HOPE_SO.srcs\sources_1\new\TOP_Module_final.v:]
WARNING: [filemgmt 56-199] Attempt to get parsing info during refresh. "On-the-fly" syntax checking information may be incorrect. [D:\RC4_with_speck\DESIGN_LAB_NOW_FINAL_HOPE_SO.srcs\sim_1\new\tb_rc4.v:]
WARNING: [filemgmt 56-199] Attempt to get parsing info during refresh. "On-the-fly" syntax checking information may be incorrect. [D:\RC4_with_speck\DESIGN_LAB_NOW_FINAL_HOPE_SO.srcs\sources_1\new\Top_module.v:]
WARNING: [filemgmt 56-199] Attempt to get parsing info during refresh. "On-the-fly" syntax checking information may be incorrect. [D:\RC4_with_speck\DESIGN_LAB_NOW_FINAL_HOPE_SO.srcs\sources_1\new\RC_4_DATAPATH.v:]
WARNING: [filemgmt 56-199] Attempt to get parsing info during refresh. "On-the-fly" syntax checking information may be incorrect. [D:\RC4_with_speck\DESIGN_LAB_NOW_FINAL_HOPE_SO.srcs\sources_1\new\RC_4_DATAPATH.v:]
WARNING: [filemgmt 56-199] Attempt to get parsing info during refresh. "On-the-fly" syntax checking information may be incorrect. [D:\RC4_with_speck\DESIGN_LAB_NOW_FINAL_HOPE_SO.srcs\sources_1\new\RC_4_DATAPATH.v:]
WARNING: [filemgmt 56-199] Attempt to get parsing info during refresh. "On-the-fly" syntax checking information may be incorrect. [D:\RC4_with_speck\DESIGN_LAB_NOW_FINAL_HOPE_SO.srcs\sources_1\new\write_rc4.v:]
WARNING: [filemgmt 56-199] Attempt to get parsing info during refresh. "On-the-fly" syntax checking information may be incorrect. [D:\RC4_with_speck\DESIGN_LAB_NOW_FINAL_HOPE_SO.srcs\sources_1\new\TOP_Module_final.v:]
WARNING: [filemgmt 56-199] Attempt to get parsing info during refresh. "On-the-fly" syntax checking information may be incorrect. [D:\RC4_with_speck\DESIGN_LAB_NOW_FINAL_HOPE_SO.srcs\sim_1\new\tb_rc4.v:]
WARNING: [filemgmt 56-199] Attempt to get parsing info during refresh. "On-the-fly" syntax checking information may be incorrect. [D:\RC4_with_speck\DESIGN_LAB_NOW_FINAL_HOPE_SO.srcs\sources_1\new\Top_module.v:]
WARNING: [filemgmt 56-199] Attempt to get parsing info during refresh. "On-the-fly" syntax checking information may be incorrect. [D:\RC4_with_speck\DESIGN_LAB_NOW_FINAL_HOPE_SO.srcs\sources_1\new\RC_4_DATAPATH.v:]
WARNING: [filemgmt 56-199] Attempt to get parsing info during refresh. "On-the-fly" syntax checking information may be incorrect. [D:\RC4_with_speck\DESIGN_LAB_NOW_FINAL_HOPE_SO.srcs\sources_1\new\write_rc4.v:]
WARNING: [filemgmt 56-199] Attempt to get parsing info during refresh. "On-the-fly" syntax checking information may be incorrect. [D:\RC4_with_speck\DESIGN_LAB_NOW_FINAL_HOPE_SO.srcs\sources_1\new\write_rc4.v:]
WARNING: [filemgmt 56-199] Attempt to get parsing info during refresh. "On-the-fly" syntax checking information may be incorrect. [D:\RC4_with_speck\DESIGN_LAB_NOW_FINAL_HOPE_SO.srcs\sources_1\new\write_rc4.v:]
WARNING: [filemgmt 56-199] Attempt to get parsing info during refresh. "On-the-fly" syntax checking information may be incorrect. [D:\RC4_with_speck\DESIGN_LAB_NOW_FINAL_HOPE_SO.srcs\sources_1\new\TOP_Module_final.v:]
WARNING: [filemgmt 56-199] Attempt to get parsing info during refresh. "On-the-fly" syntax checking information may be incorrect. [D:\RC4_with_speck\DESIGN_LAB_NOW_FINAL_HOPE_SO.srcs\sim_1\new\tb_rc4.v:]
WARNING: [filemgmt 56-199] Attempt to get parsing info during refresh. "On-the-fly" syntax checking information may be incorrect. [D:\RC4_with_speck\DESIGN_LAB_NOW_FINAL_HOPE_SO.srcs\sources_1\new\Top_module.v:]
WARNING: [filemgmt 56-199] Attempt to get parsing info during refresh. "On-the-fly" syntax checking information may be incorrect. [D:\RC4_with_speck\DESIGN_LAB_NOW_FINAL_HOPE_SO.srcs\sources_1\new\RC_4_DATAPATH.v:]
WARNING: [filemgmt 56-199] Attempt to get parsing info during refresh. "On-the-fly" syntax checking information may be incorrect. [D:\RC4_with_speck\DESIGN_LAB_NOW_FINAL_HOPE_SO.srcs\sources_1\new\Top_module.v:]
WARNING: [filemgmt 56-199] Attempt to get parsing info during refresh. "On-the-fly" syntax checking information may be incorrect. [D:\RC4_with_speck\DESIGN_LAB_NOW_FINAL_HOPE_SO.srcs\sources_1\new\Top_module.v:]
close_sim
INFO: [Simtcl 6-16] Simulation closed
WARNING: [filemgmt 56-199] Attempt to get parsing info during refresh. "On-the-fly" syntax checking information may be incorrect. [D:\RC4_with_speck\DESIGN_LAB_NOW_FINAL_HOPE_SO.srcs\sources_1\new\write_rc4.v:]
WARNING: [filemgmt 56-199] Attempt to get parsing info during refresh. "On-the-fly" syntax checking information may be incorrect. [D:\RC4_with_speck\DESIGN_LAB_NOW_FINAL_HOPE_SO.srcs\sources_1\new\TOP_Module_final.v:]
WARNING: [filemgmt 56-199] Attempt to get parsing info during refresh. "On-the-fly" syntax checking information may be incorrect. [D:\RC4_with_speck\DESIGN_LAB_NOW_FINAL_HOPE_SO.srcs\sim_1\new\tb_rc4.v:]
WARNING: [filemgmt 56-199] Attempt to get parsing info during refresh. "On-the-fly" syntax checking information may be incorrect. [D:\RC4_with_speck\DESIGN_LAB_NOW_FINAL_HOPE_SO.srcs\sources_1\new\Top_module.v:]
WARNING: [filemgmt 56-199] Attempt to get parsing info during refresh. "On-the-fly" syntax checking information may be incorrect. [D:\RC4_with_speck\DESIGN_LAB_NOW_FINAL_HOPE_SO.srcs\sources_1\new\RC_4_DATAPATH.v:]
WARNING: [filemgmt 56-199] Attempt to get parsing info during refresh. "On-the-fly" syntax checking information may be incorrect. [D:\RC4_with_speck\DESIGN_LAB_NOW_FINAL_HOPE_SO.srcs\sources_1\new\TOP_Module_final.v:]
WARNING: [filemgmt 56-199] Attempt to get parsing info during refresh. "On-the-fly" syntax checking information may be incorrect. [D:\RC4_with_speck\DESIGN_LAB_NOW_FINAL_HOPE_SO.srcs\sources_1\new\TOP_Module_final.v:]
WARNING: [filemgmt 56-199] Attempt to get parsing info during refresh. "On-the-fly" syntax checking information may be incorrect. [D:\RC4_with_speck\DESIGN_LAB_NOW_FINAL_HOPE_SO.srcs\sources_1\new\write_rc4.v:]
WARNING: [filemgmt 56-199] Attempt to get parsing info during refresh. "On-the-fly" syntax checking information may be incorrect. [D:\RC4_with_speck\DESIGN_LAB_NOW_FINAL_HOPE_SO.srcs\sources_1\new\TOP_Module_final.v:]
WARNING: [filemgmt 56-199] Attempt to get parsing info during refresh. "On-the-fly" syntax checking information may be incorrect. [D:\RC4_with_speck\DESIGN_LAB_NOW_FINAL_HOPE_SO.srcs\sim_1\new\tb_rc4.v:]
WARNING: [filemgmt 56-199] Attempt to get parsing info during refresh. "On-the-fly" syntax checking information may be incorrect. [D:\RC4_with_speck\DESIGN_LAB_NOW_FINAL_HOPE_SO.srcs\sources_1\new\Top_module.v:]
WARNING: [filemgmt 56-199] Attempt to get parsing info during refresh. "On-the-fly" syntax checking information may be incorrect. [D:\RC4_with_speck\DESIGN_LAB_NOW_FINAL_HOPE_SO.srcs\sources_1\new\RC_4_DATAPATH.v:]
WARNING: [filemgmt 56-199] Attempt to get parsing info during refresh. "On-the-fly" syntax checking information may be incorrect. [D:\RC4_with_speck\DESIGN_LAB_NOW_FINAL_HOPE_SO.srcs\sources_1\new\Top_module.v:]
WARNING: [filemgmt 56-199] Attempt to get parsing info during refresh. "On-the-fly" syntax checking information may be incorrect. [D:\RC4_with_speck\DESIGN_LAB_NOW_FINAL_HOPE_SO.srcs\sources_1\new\Top_module.v:]
WARNING: [filemgmt 56-199] Attempt to get parsing info during refresh. "On-the-fly" syntax checking information may be incorrect. [D:\RC4_with_speck\DESIGN_LAB_NOW_FINAL_HOPE_SO.srcs\sources_1\new\write_rc4.v:]
WARNING: [filemgmt 56-199] Attempt to get parsing info during refresh. "On-the-fly" syntax checking information may be incorrect. [D:\RC4_with_speck\DESIGN_LAB_NOW_FINAL_HOPE_SO.srcs\sources_1\new\TOP_Module_final.v:]
WARNING: [filemgmt 56-199] Attempt to get parsing info during refresh. "On-the-fly" syntax checking information may be incorrect. [D:\RC4_with_speck\DESIGN_LAB_NOW_FINAL_HOPE_SO.srcs\sim_1\new\tb_rc4.v:]
WARNING: [filemgmt 56-199] Attempt to get parsing info during refresh. "On-the-fly" syntax checking information may be incorrect. [D:\RC4_with_speck\DESIGN_LAB_NOW_FINAL_HOPE_SO.srcs\sources_1\new\Top_module.v:]
WARNING: [filemgmt 56-199] Attempt to get parsing info during refresh. "On-the-fly" syntax checking information may be incorrect. [D:\RC4_with_speck\DESIGN_LAB_NOW_FINAL_HOPE_SO.srcs\sources_1\new\RC_4_DATAPATH.v:]
WARNING: [filemgmt 56-199] Attempt to get parsing info during refresh. "On-the-fly" syntax checking information may be incorrect. [D:\RC4_with_speck\DESIGN_LAB_NOW_FINAL_HOPE_SO.srcs\sources_1\new\write_rc4.v:]
WARNING: [filemgmt 56-199] Attempt to get parsing info during refresh. "On-the-fly" syntax checking information may be incorrect. [D:\RC4_with_speck\DESIGN_LAB_NOW_FINAL_HOPE_SO.srcs\sources_1\new\write_rc4.v:]
ERROR: [Common 17-180] Spawn failed: No error
WARNING: [filemgmt 56-199] Attempt to get parsing info during refresh. "On-the-fly" syntax checking information may be incorrect. [D:\RC4_with_speck\DESIGN_LAB_NOW_FINAL_HOPE_SO.srcs\sources_1\new\write_rc4.v:]
WARNING: [filemgmt 56-199] Attempt to get parsing info during refresh. "On-the-fly" syntax checking information may be incorrect. [D:\RC4_with_speck\DESIGN_LAB_NOW_FINAL_HOPE_SO.srcs\sources_1\new\TOP_Module_final.v:]
WARNING: [filemgmt 56-199] Attempt to get parsing info during refresh. "On-the-fly" syntax checking information may be incorrect. [D:\RC4_with_speck\DESIGN_LAB_NOW_FINAL_HOPE_SO.srcs\sim_1\new\tb_rc4.v:]
WARNING: [filemgmt 56-199] Attempt to get parsing info during refresh. "On-the-fly" syntax checking information may be incorrect. [D:\RC4_with_speck\DESIGN_LAB_NOW_FINAL_HOPE_SO.srcs\sources_1\new\Top_module.v:]
WARNING: [filemgmt 56-199] Attempt to get parsing info during refresh. "On-the-fly" syntax checking information may be incorrect. [D:\RC4_with_speck\DESIGN_LAB_NOW_FINAL_HOPE_SO.srcs\sources_1\new\RC_4_DATAPATH.v:]
WARNING: [filemgmt 56-199] Attempt to get parsing info during refresh. "On-the-fly" syntax checking information may be incorrect. [D:\RC4_with_speck\DESIGN_LAB_NOW_FINAL_HOPE_SO.srcs\sim_1\new\tb_rc4.v:]
WARNING: [filemgmt 56-199] Attempt to get parsing info during refresh. "On-the-fly" syntax checking information may be incorrect. [D:\RC4_with_speck\DESIGN_LAB_NOW_FINAL_HOPE_SO.srcs\sim_1\new\tb_rc4.v:]
ERROR: [Common 17-180] Spawn failed: No error
launch_simulation
Command: launch_simulation 
INFO: [Vivado 12-12493] Simulation top is 'tb_rc4'
WARNING: [Vivado 12-13340] Unable to auto find GCC executables from simulator install path! (path not set)
INFO: [Vivado 12-5682] Launching behavioral simulation in 'D:/RC4_with_speck/DESIGN_LAB_NOW_FINAL_HOPE_SO.sim/sim_1/behav/xsim'
INFO: [SIM-utils-51] Simulation object is 'sim_1'
INFO: [SIM-utils-72] Using boost library from 'C:/Xilinx/Vivado/2024.1/tps/boost_1_72_0'
INFO: [SIM-utils-54] Inspecting design source files for 'tb_rc4' in fileset 'sim_1'...
INFO: [USF-XSim-97] Finding global include files...
INFO: [USF-XSim-98] Fetching design files from 'sim_1'...
INFO: [USF-XSim-2] XSim::Compile design
INFO: [USF-XSim-61] Executing 'COMPILE and ANALYZE' step in 'D:/RC4_with_speck/DESIGN_LAB_NOW_FINAL_HOPE_SO.sim/sim_1/behav/xsim'
"xvlog --incr --relax -prj tb_rc4_vlog.prj"
INFO: [VRFC 10-2263] Analyzing Verilog file "D:/RC4_with_speck/DESIGN_LAB_NOW_FINAL_HOPE_SO.srcs/sources_1/new/Adder_speck.v" into library xil_defaultlib
INFO: [VRFC 10-311] analyzing module adder_speck
INFO: [VRFC 10-2263] Analyzing Verilog file "D:/RC4_with_speck/DESIGN_LAB_NOW_FINAL_HOPE_SO.srcs/sources_1/new/CLK_DIV_RC_4.v" into library xil_defaultlib
INFO: [VRFC 10-311] analyzing module clk_div_rc4
INFO: [VRFC 10-2263] Analyzing Verilog file "D:/RC4_with_speck/DESIGN_LAB_NOW_FINAL_HOPE_SO.srcs/sources_1/new/RC_4_DATAPATH.v" into library xil_defaultlib
INFO: [VRFC 10-311] analyzing module RC4_DATAPATH
INFO: [VRFC 10-2263] Analyzing Verilog file "D:/RC4_with_speck/DESIGN_LAB_NOW_FINAL_HOPE_SO.srcs/sources_1/new/Reg_speck.v" into library xil_defaultlib
INFO: [VRFC 10-311] analyzing module reg_speck
INFO: [VRFC 10-2263] Analyzing Verilog file "D:/RC4_with_speck/DESIGN_LAB_NOW_FINAL_HOPE_SO.srcs/sources_1/new/SPECK_HASH_DATAPATH.v" into library xil_defaultlib
INFO: [VRFC 10-311] analyzing module SPECK_HASH_DATAPATH
INFO: [VRFC 10-2263] Analyzing Verilog file "D:/RC4_with_speck/DESIGN_LAB_NOW_FINAL_HOPE_SO.srcs/sources_1/new/TOP_Module_final.v" into library xil_defaultlib
INFO: [VRFC 10-311] analyzing module TOP_Module_final
INFO: [VRFC 10-2263] Analyzing Verilog file "D:/RC4_with_speck/DESIGN_LAB_NOW_FINAL_HOPE_SO.srcs/sources_1/new/Top_module.v" into library xil_defaultlib
INFO: [VRFC 10-311] analyzing module Top_module_datapath
INFO: [VRFC 10-2263] Analyzing Verilog file "D:/RC4_with_speck/DESIGN_LAB_NOW_FINAL_HOPE_SO.srcs/sources_1/new/adder_rc4.v" into library xil_defaultlib
INFO: [VRFC 10-311] analyzing module adder_rc4
INFO: [VRFC 10-2263] Analyzing Verilog file "D:/RC4_with_speck/DESIGN_LAB_NOW_FINAL_HOPE_SO.srcs/sources_1/new/buffer_speck.v" into library xil_defaultlib
INFO: [VRFC 10-311] analyzing module buffer_speck
INFO: [VRFC 10-2263] Analyzing Verilog file "D:/RC4_with_speck/DESIGN_LAB_NOW_FINAL_HOPE_SO.srcs/sources_1/new/compare_0001.v" into library xil_defaultlib
INFO: [VRFC 10-311] analyzing module compare_0001
INFO: [VRFC 10-2263] Analyzing Verilog file "D:/RC4_with_speck/DESIGN_LAB_NOW_FINAL_HOPE_SO.srcs/sources_1/new/comparing_5bit_00000.v" into library xil_defaultlib
INFO: [VRFC 10-311] analyzing module comparing_5bit_10101
INFO: [VRFC 10-2263] Analyzing Verilog file "D:/RC4_with_speck/DESIGN_LAB_NOW_FINAL_HOPE_SO.srcs/sources_1/new/control_path_rc4.v" into library xil_defaultlib
INFO: [VRFC 10-311] analyzing module control_path_rc4
INFO: [VRFC 10-2263] Analyzing Verilog file "D:/RC4_with_speck/DESIGN_LAB_NOW_FINAL_HOPE_SO.srcs/sources_1/new/control_path_speck.v" into library xil_defaultlib
INFO: [VRFC 10-311] analyzing module control_path_speck
INFO: [VRFC 10-2263] Analyzing Verilog file "D:/RC4_with_speck/DESIGN_LAB_NOW_FINAL_HOPE_SO.srcs/sources_1/new/control_path_top.v" into library xil_defaultlib
INFO: [VRFC 10-311] analyzing module Top_module_controlpath
INFO: [VRFC 10-2263] Analyzing Verilog file "D:/RC4_with_speck/DESIGN_LAB_NOW_FINAL_HOPE_SO.srcs/sources_1/new/copy_rc4.v" into library xil_defaultlib
INFO: [VRFC 10-311] analyzing module copy_rc4
INFO: [VRFC 10-2263] Analyzing Verilog file "D:/RC4_with_speck/DESIGN_LAB_NOW_FINAL_HOPE_SO.srcs/sources_1/new/counter_2bit_down.v" into library xil_defaultlib
INFO: [VRFC 10-311] analyzing module counter_2bit_down_speck
INFO: [VRFC 10-2263] Analyzing Verilog file "D:/RC4_with_speck/DESIGN_LAB_NOW_FINAL_HOPE_SO.srcs/sources_1/new/counter_3bit_down.v" into library xil_defaultlib
INFO: [VRFC 10-311] analyzing module counter_3bit_down_speck
INFO: [VRFC 10-2263] Analyzing Verilog file "D:/RC4_with_speck/DESIGN_LAB_NOW_FINAL_HOPE_SO.srcs/sources_1/new/counter_3bit_up_rc_4.v" into library xil_defaultlib
INFO: [VRFC 10-311] analyzing module counter_3bit_up_rc4
INFO: [VRFC 10-2263] Analyzing Verilog file "D:/RC4_with_speck/DESIGN_LAB_NOW_FINAL_HOPE_SO.srcs/sources_1/new/counter_4bit_up.v" into library xil_defaultlib
INFO: [VRFC 10-311] analyzing module counter_4bit_up_speck
INFO: [VRFC 10-2263] Analyzing Verilog file "D:/RC4_with_speck/DESIGN_LAB_NOW_FINAL_HOPE_SO.srcs/sources_1/new/counter_4bit_up_plus1_rc4.v" into library xil_defaultlib
INFO: [VRFC 10-311] analyzing module counter_4bit_up_plus1_rc4
INFO: [VRFC 10-2263] Analyzing Verilog file "D:/RC4_with_speck/DESIGN_LAB_NOW_FINAL_HOPE_SO.srcs/sources_1/new/counter_4bit_up_plus2_rc4.v" into library xil_defaultlib
INFO: [VRFC 10-311] analyzing module counter_4bit_up_plus2_rc4
INFO: [VRFC 10-2263] Analyzing Verilog file "D:/RC4_with_speck/DESIGN_LAB_NOW_FINAL_HOPE_SO.srcs/sources_1/new/eqz_comparing_0.v" into library xil_defaultlib
INFO: [VRFC 10-311] analyzing module eqz_comparing_0_speck
INFO: [VRFC 10-2263] Analyzing Verilog file "D:/RC4_with_speck/DESIGN_LAB_NOW_FINAL_HOPE_SO.srcs/sources_1/new/eqz_comparing_1.v" into library xil_defaultlib
INFO: [VRFC 10-311] analyzing module eqz_comparing_1_speck
INFO: [VRFC 10-2263] Analyzing Verilog file "D:/RC4_with_speck/DESIGN_LAB_NOW_FINAL_HOPE_SO.srcs/sources_1/new/eqz_comparing_15_rc_4.v" into library xil_defaultlib
INFO: [VRFC 10-311] analyzing module eqz_comparing_15_rc4
INFO: [VRFC 10-2263] Analyzing Verilog file "D:/RC4_with_speck/DESIGN_LAB_NOW_FINAL_HOPE_SO.srcs/sources_1/new/eqz_comparing_7_rc_4.v" into library xil_defaultlib
INFO: [VRFC 10-311] analyzing module eqz_comparing_7_rc4
INFO: [VRFC 10-2263] Analyzing Verilog file "D:/RC4_with_speck/DESIGN_LAB_NOW_FINAL_HOPE_SO.srcs/sources_1/new/eqz_comparing_9.v" into library xil_defaultlib
INFO: [VRFC 10-311] analyzing module eqz_comparing_9_speck
INFO: [VRFC 10-2263] Analyzing Verilog file "D:/RC4_with_speck/DESIGN_LAB_NOW_FINAL_HOPE_SO.srcs/sources_1/new/karray_read_write_rc4.v" into library xil_defaultlib
INFO: [VRFC 10-311] analyzing module karray_read_write_rc4
INFO: [VRFC 10-2263] Analyzing Verilog file "D:/RC4_with_speck/DESIGN_LAB_NOW_FINAL_HOPE_SO.srcs/sources_1/new/mod16_rc4.v" into library xil_defaultlib
INFO: [VRFC 10-311] analyzing module mod16_rc4
INFO: [VRFC 10-2263] Analyzing Verilog file "D:/RC4_with_speck/DESIGN_LAB_NOW_FINAL_HOPE_SO.srcs/sources_1/new/mux2to1_rc4.v" into library xil_defaultlib
INFO: [VRFC 10-311] analyzing module mux2to1_rc4
INFO: [VRFC 10-2263] Analyzing Verilog file "D:/RC4_with_speck/DESIGN_LAB_NOW_FINAL_HOPE_SO.srcs/sources_1/new/mux2to1_speck.v" into library xil_defaultlib
INFO: [VRFC 10-311] analyzing module mux2to1_speck
INFO: [VRFC 10-2263] Analyzing Verilog file "D:/RC4_with_speck/DESIGN_LAB_NOW_FINAL_HOPE_SO.srcs/sources_1/new/reg_rc4.v" into library xil_defaultlib
INFO: [VRFC 10-311] analyzing module reg_rc4
INFO: [VRFC 10-2263] Analyzing Verilog file "D:/RC4_with_speck/DESIGN_LAB_NOW_FINAL_HOPE_SO.srcs/sources_1/new/sarray_read_rc4.v" into library xil_defaultlib
INFO: [VRFC 10-311] analyzing module sarray_read_rc4
INFO: [VRFC 10-2263] Analyzing Verilog file "D:/RC4_with_speck/DESIGN_LAB_NOW_FINAL_HOPE_SO.srcs/sources_1/new/shift_left_speck.v" into library xil_defaultlib
INFO: [VRFC 10-311] analyzing module shift_left_speck
INFO: [VRFC 10-2263] Analyzing Verilog file "D:/RC4_with_speck/DESIGN_LAB_NOW_FINAL_HOPE_SO.srcs/sources_1/new/shift_right.v" into library xil_defaultlib
INFO: [VRFC 10-311] analyzing module shift_right_speck
INFO: [VRFC 10-2263] Analyzing Verilog file "D:/RC4_with_speck/DESIGN_LAB_NOW_FINAL_HOPE_SO.srcs/sources_1/new/swap_rc4.v" into library xil_defaultlib
INFO: [VRFC 10-311] analyzing module swap_rc4
INFO: [VRFC 10-2263] Analyzing Verilog file "D:/RC4_with_speck/DESIGN_LAB_NOW_FINAL_HOPE_SO.srcs/sources_1/new/up_counter_5bit.v" into library xil_defaultlib
INFO: [VRFC 10-311] analyzing module up_counter_5bit
INFO: [VRFC 10-2263] Analyzing Verilog file "D:/RC4_with_speck/DESIGN_LAB_NOW_FINAL_HOPE_SO.srcs/sources_1/new/write_rc4.v" into library xil_defaultlib
INFO: [VRFC 10-311] analyzing module write_rc4
INFO: [VRFC 10-2263] Analyzing Verilog file "D:/RC4_with_speck/DESIGN_LAB_NOW_FINAL_HOPE_SO.srcs/sources_1/new/write_read_final_speck_memory.v" into library xil_defaultlib
INFO: [VRFC 10-311] analyzing module write_read_final_speck_memory
INFO: [VRFC 10-2263] Analyzing Verilog file "D:/RC4_with_speck/DESIGN_LAB_NOW_FINAL_HOPE_SO.srcs/sim_1/new/tb_rc4.v" into library xil_defaultlib
INFO: [VRFC 10-311] analyzing module tb_rc4
INFO: [USF-XSim-69] 'compile' step finished in '3' seconds
INFO: [USF-XSim-3] XSim::Elaborate design
INFO: [USF-XSim-61] Executing 'ELABORATE' step in 'D:/RC4_with_speck/DESIGN_LAB_NOW_FINAL_HOPE_SO.sim/sim_1/behav/xsim'
"xelab --incr --debug typical --relax --mt 2 -L xil_defaultlib -L unisims_ver -L unimacro_ver -L secureip --snapshot tb_rc4_behav xil_defaultlib.tb_rc4 xil_defaultlib.glbl -log elaborate.log"
Vivado Simulator v2024.1
Copyright 1986-2022 Xilinx, Inc. All Rights Reserved.
Copyright 2022-2024 Advanced Micro Devices, Inc. All Rights Reserved.
Running: C:/Xilinx/Vivado/2024.1/bin/unwrapped/win64.o/xelab.exe --incr --debug typical --relax --mt 2 -L xil_defaultlib -L unisims_ver -L unimacro_ver -L secureip --snapshot tb_rc4_behav xil_defaultlib.tb_rc4 xil_defaultlib.glbl -log elaborate.log 
Using 2 slave threads.
Starting static elaboration
Pass Through NonSizing Optimizer
WARNING: [VRFC 10-3091] actual bit length 5 differs from formal bit length 4 for port 'in1' [D:/RC4_with_speck/DESIGN_LAB_NOW_FINAL_HOPE_SO.srcs/sources_1/new/RC_4_DATAPATH.v:29]
WARNING: [VRFC 10-3091] actual bit length 32 differs from formal bit length 4 for port 'in2' [D:/RC4_with_speck/DESIGN_LAB_NOW_FINAL_HOPE_SO.srcs/sources_1/new/RC_4_DATAPATH.v:44]
Completed static elaboration
Starting simulation data flow analysis
Completed simulation data flow analysis
Time Resolution for simulation is 1ps
Compiling module xil_defaultlib.counter_4bit_up_speck
Compiling module xil_defaultlib.compare_0001
Compiling module xil_defaultlib.counter_2bit_down_speck
Compiling module xil_defaultlib.counter_3bit_down_speck
Compiling module xil_defaultlib.mux2to1_speck
Compiling module xil_defaultlib.reg_speck
Compiling module xil_defaultlib.shift_right_speck
Compiling module xil_defaultlib.adder_speck
Compiling module xil_defaultlib.shift_left_speck
Compiling module xil_defaultlib.buffer_speck
Compiling module xil_defaultlib.eqz_comparing_0_speck
Compiling module xil_defaultlib.eqz_comparing_1_speck
Compiling module xil_defaultlib.eqz_comparing_9_speck
Compiling module xil_defaultlib.write_read_final_speck_memory
Compiling module xil_defaultlib.SPECK_HASH_DATAPATH
Compiling module xil_defaultlib.control_path_speck
Compiling module xil_defaultlib.clk_div_rc4
Compiling module xil_defaultlib.reg_rc4
Compiling module xil_defaultlib.eqz_comparing_15_rc4
Compiling module xil_defaultlib.eqz_comparing_7_rc4
Compiling module xil_defaultlib.comparing_5bit_10101
Compiling module xil_defaultlib.counter_3bit_up_rc4
Compiling module xil_defaultlib.counter_4bit_up_plus1_rc4
Compiling module xil_defaultlib.counter_4bit_up_plus2_rc4
Compiling module xil_defaultlib.up_counter_5bit
Compiling module xil_defaultlib.sarray_read_rc4
Compiling module xil_defaultlib.karray_read_write_rc4
Compiling module xil_defaultlib.adder_rc4
Compiling module xil_defaultlib.mod16_rc4
Compiling module xil_defaultlib.mux2to1_rc4
Compiling module xil_defaultlib.swap_rc4
Compiling module xil_defaultlib.copy_rc4
Compiling module xil_defaultlib.write_rc4
Compiling module xil_defaultlib.RC4_DATAPATH
Compiling module xil_defaultlib.control_path_rc4
Compiling module xil_defaultlib.Top_module_datapath
Compiling module xil_defaultlib.Top_module_controlpath
Compiling module xil_defaultlib.TOP_Module_final
Compiling module xil_defaultlib.tb_rc4
Compiling module xil_defaultlib.glbl
Built simulation snapshot tb_rc4_behav
run_program: Time (s): cpu = 00:00:00 ; elapsed = 00:00:05 . Memory (MB): peak = 1604.043 ; gain = 0.000
INFO: [USF-XSim-69] 'elaborate' step finished in '5' seconds
INFO: [USF-XSim-4] XSim::Simulate design
INFO: [USF-XSim-61] Executing 'SIMULATE' step in 'D:/RC4_with_speck/DESIGN_LAB_NOW_FINAL_HOPE_SO.sim/sim_1/behav/xsim'
INFO: [USF-XSim-98] *** Running xsim
   with args "tb_rc4_behav -key {Behavioral:sim_1:Functional:tb_rc4} -tclbatch {tb_rc4.tcl} -log {simulate.log}"
INFO: [USF-XSim-8] Loading simulator feature
Time resolution is 1 ps
source tb_rc4.tcl
# set curr_wave [current_wave_config]
# if { [string length $curr_wave] == 0 } {
#   if { [llength [get_objects]] > 0} {
#     add_wave /
#     set_property needs_save false [current_wave_config]
#   } else {
#      send_msg_id Add_Wave-1 WARNING "No top level signals found. Simulator will start without a wave window. If you want to open a wave window go to 'File->New Waveform Configuration' or type 'create_wave_config' in the TCL console."
#   }
# }
# run 1000ns
INFO: [USF-XSim-96] XSim completed. Design snapshot 'tb_rc4_behav' loaded.
INFO: [USF-XSim-97] XSim simulation ran for 1000ns
launch_simulation: Time (s): cpu = 00:00:04 ; elapsed = 00:00:14 . Memory (MB): peak = 1607.227 ; gain = 3.184
close_sim
INFO: [Simtcl 6-16] Simulation closed
launch_simulation
Command: launch_simulation 
INFO: [Vivado 12-12493] Simulation top is 'tb_rc4'
WARNING: [Vivado 12-13340] Unable to auto find GCC executables from simulator install path! (path not set)
INFO: [Vivado 12-5682] Launching behavioral simulation in 'D:/RC4_with_speck/DESIGN_LAB_NOW_FINAL_HOPE_SO.sim/sim_1/behav/xsim'
INFO: [SIM-utils-51] Simulation object is 'sim_1'
INFO: [SIM-utils-72] Using boost library from 'C:/Xilinx/Vivado/2024.1/tps/boost_1_72_0'
INFO: [SIM-utils-54] Inspecting design source files for 'tb_rc4' in fileset 'sim_1'...
INFO: [USF-XSim-97] Finding global include files...
INFO: [USF-XSim-98] Fetching design files from 'sim_1'...
INFO: [USF-XSim-2] XSim::Compile design
INFO: [USF-XSim-61] Executing 'COMPILE and ANALYZE' step in 'D:/RC4_with_speck/DESIGN_LAB_NOW_FINAL_HOPE_SO.sim/sim_1/behav/xsim'
"xvlog --incr --relax -prj tb_rc4_vlog.prj"
INFO: [VRFC 10-2263] Analyzing Verilog file "D:/RC4_with_speck/DESIGN_LAB_NOW_FINAL_HOPE_SO.srcs/sources_1/new/Adder_speck.v" into library xil_defaultlib
INFO: [VRFC 10-311] analyzing module adder_speck
INFO: [VRFC 10-2263] Analyzing Verilog file "D:/RC4_with_speck/DESIGN_LAB_NOW_FINAL_HOPE_SO.srcs/sources_1/new/CLK_DIV_RC_4.v" into library xil_defaultlib
INFO: [VRFC 10-311] analyzing module clk_div_rc4
INFO: [VRFC 10-2263] Analyzing Verilog file "D:/RC4_with_speck/DESIGN_LAB_NOW_FINAL_HOPE_SO.srcs/sources_1/new/RC_4_DATAPATH.v" into library xil_defaultlib
INFO: [VRFC 10-311] analyzing module RC4_DATAPATH
INFO: [VRFC 10-2263] Analyzing Verilog file "D:/RC4_with_speck/DESIGN_LAB_NOW_FINAL_HOPE_SO.srcs/sources_1/new/Reg_speck.v" into library xil_defaultlib
INFO: [VRFC 10-311] analyzing module reg_speck
INFO: [VRFC 10-2263] Analyzing Verilog file "D:/RC4_with_speck/DESIGN_LAB_NOW_FINAL_HOPE_SO.srcs/sources_1/new/SPECK_HASH_DATAPATH.v" into library xil_defaultlib
INFO: [VRFC 10-311] analyzing module SPECK_HASH_DATAPATH
INFO: [VRFC 10-2263] Analyzing Verilog file "D:/RC4_with_speck/DESIGN_LAB_NOW_FINAL_HOPE_SO.srcs/sources_1/new/TOP_Module_final.v" into library xil_defaultlib
INFO: [VRFC 10-311] analyzing module TOP_Module_final
INFO: [VRFC 10-2263] Analyzing Verilog file "D:/RC4_with_speck/DESIGN_LAB_NOW_FINAL_HOPE_SO.srcs/sources_1/new/Top_module.v" into library xil_defaultlib
INFO: [VRFC 10-311] analyzing module Top_module_datapath
INFO: [VRFC 10-2263] Analyzing Verilog file "D:/RC4_with_speck/DESIGN_LAB_NOW_FINAL_HOPE_SO.srcs/sources_1/new/adder_rc4.v" into library xil_defaultlib
INFO: [VRFC 10-311] analyzing module adder_rc4
INFO: [VRFC 10-2263] Analyzing Verilog file "D:/RC4_with_speck/DESIGN_LAB_NOW_FINAL_HOPE_SO.srcs/sources_1/new/buffer_speck.v" into library xil_defaultlib
INFO: [VRFC 10-311] analyzing module buffer_speck
INFO: [VRFC 10-2263] Analyzing Verilog file "D:/RC4_with_speck/DESIGN_LAB_NOW_FINAL_HOPE_SO.srcs/sources_1/new/compare_0001.v" into library xil_defaultlib
INFO: [VRFC 10-311] analyzing module compare_0001
INFO: [VRFC 10-2263] Analyzing Verilog file "D:/RC4_with_speck/DESIGN_LAB_NOW_FINAL_HOPE_SO.srcs/sources_1/new/comparing_5bit_00000.v" into library xil_defaultlib
INFO: [VRFC 10-311] analyzing module comparing_5bit_10101
INFO: [VRFC 10-2263] Analyzing Verilog file "D:/RC4_with_speck/DESIGN_LAB_NOW_FINAL_HOPE_SO.srcs/sources_1/new/control_path_rc4.v" into library xil_defaultlib
INFO: [VRFC 10-311] analyzing module control_path_rc4
INFO: [VRFC 10-2263] Analyzing Verilog file "D:/RC4_with_speck/DESIGN_LAB_NOW_FINAL_HOPE_SO.srcs/sources_1/new/control_path_speck.v" into library xil_defaultlib
INFO: [VRFC 10-311] analyzing module control_path_speck
INFO: [VRFC 10-2263] Analyzing Verilog file "D:/RC4_with_speck/DESIGN_LAB_NOW_FINAL_HOPE_SO.srcs/sources_1/new/control_path_top.v" into library xil_defaultlib
INFO: [VRFC 10-311] analyzing module Top_module_controlpath
INFO: [VRFC 10-2263] Analyzing Verilog file "D:/RC4_with_speck/DESIGN_LAB_NOW_FINAL_HOPE_SO.srcs/sources_1/new/copy_rc4.v" into library xil_defaultlib
INFO: [VRFC 10-311] analyzing module copy_rc4
INFO: [VRFC 10-2263] Analyzing Verilog file "D:/RC4_with_speck/DESIGN_LAB_NOW_FINAL_HOPE_SO.srcs/sources_1/new/counter_2bit_down.v" into library xil_defaultlib
INFO: [VRFC 10-311] analyzing module counter_2bit_down_speck
INFO: [VRFC 10-2263] Analyzing Verilog file "D:/RC4_with_speck/DESIGN_LAB_NOW_FINAL_HOPE_SO.srcs/sources_1/new/counter_3bit_down.v" into library xil_defaultlib
INFO: [VRFC 10-311] analyzing module counter_3bit_down_speck
INFO: [VRFC 10-2263] Analyzing Verilog file "D:/RC4_with_speck/DESIGN_LAB_NOW_FINAL_HOPE_SO.srcs/sources_1/new/counter_3bit_up_rc_4.v" into library xil_defaultlib
INFO: [VRFC 10-311] analyzing module counter_3bit_up_rc4
INFO: [VRFC 10-2263] Analyzing Verilog file "D:/RC4_with_speck/DESIGN_LAB_NOW_FINAL_HOPE_SO.srcs/sources_1/new/counter_4bit_up.v" into library xil_defaultlib
INFO: [VRFC 10-311] analyzing module counter_4bit_up_speck
INFO: [VRFC 10-2263] Analyzing Verilog file "D:/RC4_with_speck/DESIGN_LAB_NOW_FINAL_HOPE_SO.srcs/sources_1/new/counter_4bit_up_plus1_rc4.v" into library xil_defaultlib
INFO: [VRFC 10-311] analyzing module counter_4bit_up_plus1_rc4
INFO: [VRFC 10-2263] Analyzing Verilog file "D:/RC4_with_speck/DESIGN_LAB_NOW_FINAL_HOPE_SO.srcs/sources_1/new/counter_4bit_up_plus2_rc4.v" into library xil_defaultlib
INFO: [VRFC 10-311] analyzing module counter_4bit_up_plus2_rc4
INFO: [VRFC 10-2263] Analyzing Verilog file "D:/RC4_with_speck/DESIGN_LAB_NOW_FINAL_HOPE_SO.srcs/sources_1/new/eqz_comparing_0.v" into library xil_defaultlib
INFO: [VRFC 10-311] analyzing module eqz_comparing_0_speck
INFO: [VRFC 10-2263] Analyzing Verilog file "D:/RC4_with_speck/DESIGN_LAB_NOW_FINAL_HOPE_SO.srcs/sources_1/new/eqz_comparing_1.v" into library xil_defaultlib
INFO: [VRFC 10-311] analyzing module eqz_comparing_1_speck
INFO: [VRFC 10-2263] Analyzing Verilog file "D:/RC4_with_speck/DESIGN_LAB_NOW_FINAL_HOPE_SO.srcs/sources_1/new/eqz_comparing_15_rc_4.v" into library xil_defaultlib
INFO: [VRFC 10-311] analyzing module eqz_comparing_15_rc4
INFO: [VRFC 10-2263] Analyzing Verilog file "D:/RC4_with_speck/DESIGN_LAB_NOW_FINAL_HOPE_SO.srcs/sources_1/new/eqz_comparing_7_rc_4.v" into library xil_defaultlib
INFO: [VRFC 10-311] analyzing module eqz_comparing_7_rc4
INFO: [VRFC 10-2263] Analyzing Verilog file "D:/RC4_with_speck/DESIGN_LAB_NOW_FINAL_HOPE_SO.srcs/sources_1/new/eqz_comparing_9.v" into library xil_defaultlib
INFO: [VRFC 10-311] analyzing module eqz_comparing_9_speck
INFO: [VRFC 10-2263] Analyzing Verilog file "D:/RC4_with_speck/DESIGN_LAB_NOW_FINAL_HOPE_SO.srcs/sources_1/new/karray_read_write_rc4.v" into library xil_defaultlib
INFO: [VRFC 10-311] analyzing module karray_read_write_rc4
INFO: [VRFC 10-2263] Analyzing Verilog file "D:/RC4_with_speck/DESIGN_LAB_NOW_FINAL_HOPE_SO.srcs/sources_1/new/mod16_rc4.v" into library xil_defaultlib
INFO: [VRFC 10-311] analyzing module mod16_rc4
INFO: [VRFC 10-2263] Analyzing Verilog file "D:/RC4_with_speck/DESIGN_LAB_NOW_FINAL_HOPE_SO.srcs/sources_1/new/mux2to1_rc4.v" into library xil_defaultlib
INFO: [VRFC 10-311] analyzing module mux2to1_rc4
INFO: [VRFC 10-2263] Analyzing Verilog file "D:/RC4_with_speck/DESIGN_LAB_NOW_FINAL_HOPE_SO.srcs/sources_1/new/mux2to1_speck.v" into library xil_defaultlib
INFO: [VRFC 10-311] analyzing module mux2to1_speck
INFO: [VRFC 10-2263] Analyzing Verilog file "D:/RC4_with_speck/DESIGN_LAB_NOW_FINAL_HOPE_SO.srcs/sources_1/new/reg_rc4.v" into library xil_defaultlib
INFO: [VRFC 10-311] analyzing module reg_rc4
INFO: [VRFC 10-2263] Analyzing Verilog file "D:/RC4_with_speck/DESIGN_LAB_NOW_FINAL_HOPE_SO.srcs/sources_1/new/sarray_read_rc4.v" into library xil_defaultlib
INFO: [VRFC 10-311] analyzing module sarray_read_rc4
INFO: [VRFC 10-2263] Analyzing Verilog file "D:/RC4_with_speck/DESIGN_LAB_NOW_FINAL_HOPE_SO.srcs/sources_1/new/shift_left_speck.v" into library xil_defaultlib
INFO: [VRFC 10-311] analyzing module shift_left_speck
INFO: [VRFC 10-2263] Analyzing Verilog file "D:/RC4_with_speck/DESIGN_LAB_NOW_FINAL_HOPE_SO.srcs/sources_1/new/shift_right.v" into library xil_defaultlib
INFO: [VRFC 10-311] analyzing module shift_right_speck
INFO: [VRFC 10-2263] Analyzing Verilog file "D:/RC4_with_speck/DESIGN_LAB_NOW_FINAL_HOPE_SO.srcs/sources_1/new/swap_rc4.v" into library xil_defaultlib
INFO: [VRFC 10-311] analyzing module swap_rc4
INFO: [VRFC 10-2263] Analyzing Verilog file "D:/RC4_with_speck/DESIGN_LAB_NOW_FINAL_HOPE_SO.srcs/sources_1/new/up_counter_5bit.v" into library xil_defaultlib
INFO: [VRFC 10-311] analyzing module up_counter_5bit
INFO: [VRFC 10-2263] Analyzing Verilog file "D:/RC4_with_speck/DESIGN_LAB_NOW_FINAL_HOPE_SO.srcs/sources_1/new/write_rc4.v" into library xil_defaultlib
INFO: [VRFC 10-311] analyzing module write_rc4
INFO: [VRFC 10-2263] Analyzing Verilog file "D:/RC4_with_speck/DESIGN_LAB_NOW_FINAL_HOPE_SO.srcs/sources_1/new/write_read_final_speck_memory.v" into library xil_defaultlib
INFO: [VRFC 10-311] analyzing module write_read_final_speck_memory
INFO: [VRFC 10-2263] Analyzing Verilog file "D:/RC4_with_speck/DESIGN_LAB_NOW_FINAL_HOPE_SO.srcs/sim_1/new/tb_rc4.v" into library xil_defaultlib
INFO: [VRFC 10-311] analyzing module tb_rc4
run_program: Time (s): cpu = 00:00:00 ; elapsed = 00:00:05 . Memory (MB): peak = 1607.227 ; gain = 0.000
INFO: [USF-XSim-69] 'compile' step finished in '6' seconds
INFO: [USF-XSim-3] XSim::Elaborate design
INFO: [USF-XSim-61] Executing 'ELABORATE' step in 'D:/RC4_with_speck/DESIGN_LAB_NOW_FINAL_HOPE_SO.sim/sim_1/behav/xsim'
"xelab --incr --debug typical --relax --mt 2 -L xil_defaultlib -L unisims_ver -L unimacro_ver -L secureip --snapshot tb_rc4_behav xil_defaultlib.tb_rc4 xil_defaultlib.glbl -log elaborate.log"
Vivado Simulator v2024.1
Copyright 1986-2022 Xilinx, Inc. All Rights Reserved.
Copyright 2022-2024 Advanced Micro Devices, Inc. All Rights Reserved.
Running: C:/Xilinx/Vivado/2024.1/bin/unwrapped/win64.o/xelab.exe --incr --debug typical --relax --mt 2 -L xil_defaultlib -L unisims_ver -L unimacro_ver -L secureip --snapshot tb_rc4_behav xil_defaultlib.tb_rc4 xil_defaultlib.glbl -log elaborate.log 
Using 2 slave threads.
Starting static elaboration
Pass Through NonSizing Optimizer
WARNING: [VRFC 10-3091] actual bit length 5 differs from formal bit length 4 for port 'in1' [D:/RC4_with_speck/DESIGN_LAB_NOW_FINAL_HOPE_SO.srcs/sources_1/new/RC_4_DATAPATH.v:29]
WARNING: [VRFC 10-3091] actual bit length 32 differs from formal bit length 4 for port 'in2' [D:/RC4_with_speck/DESIGN_LAB_NOW_FINAL_HOPE_SO.srcs/sources_1/new/RC_4_DATAPATH.v:44]
Completed static elaboration
Starting simulation data flow analysis
Completed simulation data flow analysis
Time Resolution for simulation is 1ps
Compiling module xil_defaultlib.counter_4bit_up_speck
Compiling module xil_defaultlib.compare_0001
Compiling module xil_defaultlib.counter_2bit_down_speck
Compiling module xil_defaultlib.counter_3bit_down_speck
Compiling module xil_defaultlib.mux2to1_speck
Compiling module xil_defaultlib.reg_speck
Compiling module xil_defaultlib.shift_right_speck
Compiling module xil_defaultlib.adder_speck
Compiling module xil_defaultlib.shift_left_speck
Compiling module xil_defaultlib.buffer_speck
Compiling module xil_defaultlib.eqz_comparing_0_speck
Compiling module xil_defaultlib.eqz_comparing_1_speck
Compiling module xil_defaultlib.eqz_comparing_9_speck
Compiling module xil_defaultlib.write_read_final_speck_memory
Compiling module xil_defaultlib.SPECK_HASH_DATAPATH
Compiling module xil_defaultlib.control_path_speck
Compiling module xil_defaultlib.clk_div_rc4
Compiling module xil_defaultlib.reg_rc4
Compiling module xil_defaultlib.eqz_comparing_15_rc4
Compiling module xil_defaultlib.eqz_comparing_7_rc4
Compiling module xil_defaultlib.comparing_5bit_10101
Compiling module xil_defaultlib.counter_3bit_up_rc4
Compiling module xil_defaultlib.counter_4bit_up_plus1_rc4
Compiling module xil_defaultlib.counter_4bit_up_plus2_rc4
Compiling module xil_defaultlib.up_counter_5bit
Compiling module xil_defaultlib.sarray_read_rc4
Compiling module xil_defaultlib.karray_read_write_rc4
Compiling module xil_defaultlib.adder_rc4
Compiling module xil_defaultlib.mod16_rc4
Compiling module xil_defaultlib.mux2to1_rc4
Compiling module xil_defaultlib.swap_rc4
Compiling module xil_defaultlib.copy_rc4
Compiling module xil_defaultlib.write_rc4
Compiling module xil_defaultlib.RC4_DATAPATH
Compiling module xil_defaultlib.control_path_rc4
Compiling module xil_defaultlib.Top_module_datapath
Compiling module xil_defaultlib.Top_module_controlpath
Compiling module xil_defaultlib.TOP_Module_final
Compiling module xil_defaultlib.tb_rc4
Compiling module xil_defaultlib.glbl
Built simulation snapshot tb_rc4_behav
INFO: [USF-XSim-69] 'elaborate' step finished in '4' seconds
INFO: [USF-XSim-4] XSim::Simulate design
INFO: [USF-XSim-61] Executing 'SIMULATE' step in 'D:/RC4_with_speck/DESIGN_LAB_NOW_FINAL_HOPE_SO.sim/sim_1/behav/xsim'
INFO: [USF-XSim-98] *** Running xsim
   with args "tb_rc4_behav -key {Behavioral:sim_1:Functional:tb_rc4} -tclbatch {tb_rc4.tcl} -log {simulate.log}"
INFO: [USF-XSim-8] Loading simulator feature
Time resolution is 1 ps
source tb_rc4.tcl
# set curr_wave [current_wave_config]
# if { [string length $curr_wave] == 0 } {
#   if { [llength [get_objects]] > 0} {
#     add_wave /
#     set_property needs_save false [current_wave_config]
#   } else {
#      send_msg_id Add_Wave-1 WARNING "No top level signals found. Simulator will start without a wave window. If you want to open a wave window go to 'File->New Waveform Configuration' or type 'create_wave_config' in the TCL console."
#   }
# }
# run 1000ns
INFO: [USF-XSim-96] XSim completed. Design snapshot 'tb_rc4_behav' loaded.
INFO: [USF-XSim-97] XSim simulation ran for 1000ns
launch_simulation: Time (s): cpu = 00:00:03 ; elapsed = 00:00:13 . Memory (MB): peak = 1607.227 ; gain = 0.000
restart
INFO: [Wavedata 42-604] Simulation restarted
run 3000 ns
run 3000 ns
WARNING: [filemgmt 56-199] Attempt to get parsing info during refresh. "On-the-fly" syntax checking information may be incorrect. [D:\RC4_with_speck\DESIGN_LAB_NOW_FINAL_HOPE_SO.srcs\sources_1\new\write_rc4.v:]
WARNING: [filemgmt 56-199] Attempt to get parsing info during refresh. "On-the-fly" syntax checking information may be incorrect. [D:\RC4_with_speck\DESIGN_LAB_NOW_FINAL_HOPE_SO.srcs\sources_1\new\TOP_Module_final.v:]
WARNING: [filemgmt 56-199] Attempt to get parsing info during refresh. "On-the-fly" syntax checking information may be incorrect. [D:\RC4_with_speck\DESIGN_LAB_NOW_FINAL_HOPE_SO.srcs\sim_1\new\tb_rc4.v:]
WARNING: [filemgmt 56-199] Attempt to get parsing info during refresh. "On-the-fly" syntax checking information may be incorrect. [D:\RC4_with_speck\DESIGN_LAB_NOW_FINAL_HOPE_SO.srcs\sources_1\new\Top_module.v:]
WARNING: [filemgmt 56-199] Attempt to get parsing info during refresh. "On-the-fly" syntax checking information may be incorrect. [D:\RC4_with_speck\DESIGN_LAB_NOW_FINAL_HOPE_SO.srcs\sources_1\new\RC_4_DATAPATH.v:]
WARNING: [filemgmt 56-199] Attempt to get parsing info during refresh. "On-the-fly" syntax checking information may be incorrect. [D:\RC4_with_speck\DESIGN_LAB_NOW_FINAL_HOPE_SO.srcs\sources_1\new\Top_module.v:]
WARNING: [filemgmt 56-199] Attempt to get parsing info during refresh. "On-the-fly" syntax checking information may be incorrect. [D:\RC4_with_speck\DESIGN_LAB_NOW_FINAL_HOPE_SO.srcs\sources_1\new\Top_module.v:]
WARNING: [filemgmt 56-199] Attempt to get parsing info during refresh. "On-the-fly" syntax checking information may be incorrect. [D:\RC4_with_speck\DESIGN_LAB_NOW_FINAL_HOPE_SO.srcs\sources_1\new\write_rc4.v:]
WARNING: [filemgmt 56-199] Attempt to get parsing info during refresh. "On-the-fly" syntax checking information may be incorrect. [D:\RC4_with_speck\DESIGN_LAB_NOW_FINAL_HOPE_SO.srcs\sources_1\new\TOP_Module_final.v:]
WARNING: [filemgmt 56-199] Attempt to get parsing info during refresh. "On-the-fly" syntax checking information may be incorrect. [D:\RC4_with_speck\DESIGN_LAB_NOW_FINAL_HOPE_SO.srcs\sim_1\new\tb_rc4.v:]
WARNING: [filemgmt 56-199] Attempt to get parsing info during refresh. "On-the-fly" syntax checking information may be incorrect. [D:\RC4_with_speck\DESIGN_LAB_NOW_FINAL_HOPE_SO.srcs\sources_1\new\Top_module.v:]
WARNING: [filemgmt 56-199] Attempt to get parsing info during refresh. "On-the-fly" syntax checking information may be incorrect. [D:\RC4_with_speck\DESIGN_LAB_NOW_FINAL_HOPE_SO.srcs\sources_1\new\RC_4_DATAPATH.v:]
WARNING: [filemgmt 56-199] Attempt to get parsing info during refresh. "On-the-fly" syntax checking information may be incorrect. [D:\RC4_with_speck\DESIGN_LAB_NOW_FINAL_HOPE_SO.srcs\sim_1\new\tb_rc4.v:]
WARNING: [filemgmt 56-199] Attempt to get parsing info during refresh. "On-the-fly" syntax checking information may be incorrect. [D:\RC4_with_speck\DESIGN_LAB_NOW_FINAL_HOPE_SO.srcs\sim_1\new\tb_rc4.v:]
WARNING: [filemgmt 56-199] Attempt to get parsing info during refresh. "On-the-fly" syntax checking information may be incorrect. [D:\RC4_with_speck\DESIGN_LAB_NOW_FINAL_HOPE_SO.srcs\sources_1\new\write_rc4.v:]
WARNING: [filemgmt 56-199] Attempt to get parsing info during refresh. "On-the-fly" syntax checking information may be incorrect. [D:\RC4_with_speck\DESIGN_LAB_NOW_FINAL_HOPE_SO.srcs\sources_1\new\TOP_Module_final.v:]
WARNING: [filemgmt 56-199] Attempt to get parsing info during refresh. "On-the-fly" syntax checking information may be incorrect. [D:\RC4_with_speck\DESIGN_LAB_NOW_FINAL_HOPE_SO.srcs\sim_1\new\tb_rc4.v:]
WARNING: [filemgmt 56-199] Attempt to get parsing info during refresh. "On-the-fly" syntax checking information may be incorrect. [D:\RC4_with_speck\DESIGN_LAB_NOW_FINAL_HOPE_SO.srcs\sources_1\new\Top_module.v:]
WARNING: [filemgmt 56-199] Attempt to get parsing info during refresh. "On-the-fly" syntax checking information may be incorrect. [D:\RC4_with_speck\DESIGN_LAB_NOW_FINAL_HOPE_SO.srcs\sources_1\new\RC_4_DATAPATH.v:]
WARNING: [filemgmt 56-199] Attempt to get parsing info during refresh. "On-the-fly" syntax checking information may be incorrect. [D:\RC4_with_speck\DESIGN_LAB_NOW_FINAL_HOPE_SO.srcs\sources_1\new\RC_4_DATAPATH.v:]
WARNING: [filemgmt 56-199] Attempt to get parsing info during refresh. "On-the-fly" syntax checking information may be incorrect. [D:\RC4_with_speck\DESIGN_LAB_NOW_FINAL_HOPE_SO.srcs\sources_1\new\RC_4_DATAPATH.v:]
WARNING: [filemgmt 56-199] Attempt to get parsing info during refresh. "On-the-fly" syntax checking information may be incorrect. [D:\RC4_with_speck\DESIGN_LAB_NOW_FINAL_HOPE_SO.srcs\sources_1\new\write_rc4.v:]
WARNING: [filemgmt 56-199] Attempt to get parsing info during refresh. "On-the-fly" syntax checking information may be incorrect. [D:\RC4_with_speck\DESIGN_LAB_NOW_FINAL_HOPE_SO.srcs\sources_1\new\TOP_Module_final.v:]
WARNING: [filemgmt 56-199] Attempt to get parsing info during refresh. "On-the-fly" syntax checking information may be incorrect. [D:\RC4_with_speck\DESIGN_LAB_NOW_FINAL_HOPE_SO.srcs\sim_1\new\tb_rc4.v:]
WARNING: [filemgmt 56-199] Attempt to get parsing info during refresh. "On-the-fly" syntax checking information may be incorrect. [D:\RC4_with_speck\DESIGN_LAB_NOW_FINAL_HOPE_SO.srcs\sources_1\new\Top_module.v:]
WARNING: [filemgmt 56-199] Attempt to get parsing info during refresh. "On-the-fly" syntax checking information may be incorrect. [D:\RC4_with_speck\DESIGN_LAB_NOW_FINAL_HOPE_SO.srcs\sources_1\new\RC_4_DATAPATH.v:]
WARNING: [filemgmt 56-199] Attempt to get parsing info during refresh. "On-the-fly" syntax checking information may be incorrect. [D:\RC4_with_speck\DESIGN_LAB_NOW_FINAL_HOPE_SO.srcs\sources_1\new\write_rc4.v:]
WARNING: [filemgmt 56-199] Attempt to get parsing info during refresh. "On-the-fly" syntax checking information may be incorrect. [D:\RC4_with_speck\DESIGN_LAB_NOW_FINAL_HOPE_SO.srcs\sources_1\new\write_rc4.v:]
close_sim
INFO: [Simtcl 6-16] Simulation closed
launch_simulation
Command: launch_simulation 
INFO: [Vivado 12-12493] Simulation top is 'tb_rc4'
WARNING: [Vivado 12-13340] Unable to auto find GCC executables from simulator install path! (path not set)
INFO: [Vivado 12-5682] Launching behavioral simulation in 'D:/RC4_with_speck/DESIGN_LAB_NOW_FINAL_HOPE_SO.sim/sim_1/behav/xsim'
INFO: [SIM-utils-51] Simulation object is 'sim_1'
INFO: [SIM-utils-72] Using boost library from 'C:/Xilinx/Vivado/2024.1/tps/boost_1_72_0'
INFO: [SIM-utils-54] Inspecting design source files for 'tb_rc4' in fileset 'sim_1'...
INFO: [USF-XSim-97] Finding global include files...
INFO: [USF-XSim-98] Fetching design files from 'sim_1'...
INFO: [USF-XSim-2] XSim::Compile design
INFO: [USF-XSim-61] Executing 'COMPILE and ANALYZE' step in 'D:/RC4_with_speck/DESIGN_LAB_NOW_FINAL_HOPE_SO.sim/sim_1/behav/xsim'
"xvlog --incr --relax -prj tb_rc4_vlog.prj"
INFO: [VRFC 10-2263] Analyzing Verilog file "D:/RC4_with_speck/DESIGN_LAB_NOW_FINAL_HOPE_SO.srcs/sources_1/new/Adder_speck.v" into library xil_defaultlib
INFO: [VRFC 10-311] analyzing module adder_speck
INFO: [VRFC 10-2263] Analyzing Verilog file "D:/RC4_with_speck/DESIGN_LAB_NOW_FINAL_HOPE_SO.srcs/sources_1/new/CLK_DIV_RC_4.v" into library xil_defaultlib
INFO: [VRFC 10-311] analyzing module clk_div_rc4
INFO: [VRFC 10-2263] Analyzing Verilog file "D:/RC4_with_speck/DESIGN_LAB_NOW_FINAL_HOPE_SO.srcs/sources_1/new/RC_4_DATAPATH.v" into library xil_defaultlib
INFO: [VRFC 10-311] analyzing module RC4_DATAPATH
INFO: [VRFC 10-2263] Analyzing Verilog file "D:/RC4_with_speck/DESIGN_LAB_NOW_FINAL_HOPE_SO.srcs/sources_1/new/Reg_speck.v" into library xil_defaultlib
INFO: [VRFC 10-311] analyzing module reg_speck
INFO: [VRFC 10-2263] Analyzing Verilog file "D:/RC4_with_speck/DESIGN_LAB_NOW_FINAL_HOPE_SO.srcs/sources_1/new/SPECK_HASH_DATAPATH.v" into library xil_defaultlib
INFO: [VRFC 10-311] analyzing module SPECK_HASH_DATAPATH
INFO: [VRFC 10-2263] Analyzing Verilog file "D:/RC4_with_speck/DESIGN_LAB_NOW_FINAL_HOPE_SO.srcs/sources_1/new/TOP_Module_final.v" into library xil_defaultlib
INFO: [VRFC 10-311] analyzing module TOP_Module_final
INFO: [VRFC 10-2263] Analyzing Verilog file "D:/RC4_with_speck/DESIGN_LAB_NOW_FINAL_HOPE_SO.srcs/sources_1/new/Top_module.v" into library xil_defaultlib
INFO: [VRFC 10-311] analyzing module Top_module_datapath
INFO: [VRFC 10-2263] Analyzing Verilog file "D:/RC4_with_speck/DESIGN_LAB_NOW_FINAL_HOPE_SO.srcs/sources_1/new/adder_rc4.v" into library xil_defaultlib
INFO: [VRFC 10-311] analyzing module adder_rc4
INFO: [VRFC 10-2263] Analyzing Verilog file "D:/RC4_with_speck/DESIGN_LAB_NOW_FINAL_HOPE_SO.srcs/sources_1/new/buffer_speck.v" into library xil_defaultlib
INFO: [VRFC 10-311] analyzing module buffer_speck
INFO: [VRFC 10-2263] Analyzing Verilog file "D:/RC4_with_speck/DESIGN_LAB_NOW_FINAL_HOPE_SO.srcs/sources_1/new/compare_0001.v" into library xil_defaultlib
INFO: [VRFC 10-311] analyzing module compare_0001
INFO: [VRFC 10-2263] Analyzing Verilog file "D:/RC4_with_speck/DESIGN_LAB_NOW_FINAL_HOPE_SO.srcs/sources_1/new/comparing_5bit_00000.v" into library xil_defaultlib
INFO: [VRFC 10-311] analyzing module comparing_5bit_10101
INFO: [VRFC 10-2263] Analyzing Verilog file "D:/RC4_with_speck/DESIGN_LAB_NOW_FINAL_HOPE_SO.srcs/sources_1/new/control_path_rc4.v" into library xil_defaultlib
INFO: [VRFC 10-311] analyzing module control_path_rc4
INFO: [VRFC 10-2263] Analyzing Verilog file "D:/RC4_with_speck/DESIGN_LAB_NOW_FINAL_HOPE_SO.srcs/sources_1/new/control_path_speck.v" into library xil_defaultlib
INFO: [VRFC 10-311] analyzing module control_path_speck
INFO: [VRFC 10-2263] Analyzing Verilog file "D:/RC4_with_speck/DESIGN_LAB_NOW_FINAL_HOPE_SO.srcs/sources_1/new/control_path_top.v" into library xil_defaultlib
INFO: [VRFC 10-311] analyzing module Top_module_controlpath
INFO: [VRFC 10-2263] Analyzing Verilog file "D:/RC4_with_speck/DESIGN_LAB_NOW_FINAL_HOPE_SO.srcs/sources_1/new/copy_rc4.v" into library xil_defaultlib
INFO: [VRFC 10-311] analyzing module copy_rc4
INFO: [VRFC 10-2263] Analyzing Verilog file "D:/RC4_with_speck/DESIGN_LAB_NOW_FINAL_HOPE_SO.srcs/sources_1/new/counter_2bit_down.v" into library xil_defaultlib
INFO: [VRFC 10-311] analyzing module counter_2bit_down_speck
INFO: [VRFC 10-2263] Analyzing Verilog file "D:/RC4_with_speck/DESIGN_LAB_NOW_FINAL_HOPE_SO.srcs/sources_1/new/counter_3bit_down.v" into library xil_defaultlib
INFO: [VRFC 10-311] analyzing module counter_3bit_down_speck
INFO: [VRFC 10-2263] Analyzing Verilog file "D:/RC4_with_speck/DESIGN_LAB_NOW_FINAL_HOPE_SO.srcs/sources_1/new/counter_3bit_up_rc_4.v" into library xil_defaultlib
INFO: [VRFC 10-311] analyzing module counter_3bit_up_rc4
INFO: [VRFC 10-2263] Analyzing Verilog file "D:/RC4_with_speck/DESIGN_LAB_NOW_FINAL_HOPE_SO.srcs/sources_1/new/counter_4bit_up.v" into library xil_defaultlib
INFO: [VRFC 10-311] analyzing module counter_4bit_up_speck
INFO: [VRFC 10-2263] Analyzing Verilog file "D:/RC4_with_speck/DESIGN_LAB_NOW_FINAL_HOPE_SO.srcs/sources_1/new/counter_4bit_up_plus1_rc4.v" into library xil_defaultlib
INFO: [VRFC 10-311] analyzing module counter_4bit_up_plus1_rc4
INFO: [VRFC 10-2263] Analyzing Verilog file "D:/RC4_with_speck/DESIGN_LAB_NOW_FINAL_HOPE_SO.srcs/sources_1/new/counter_4bit_up_plus2_rc4.v" into library xil_defaultlib
INFO: [VRFC 10-311] analyzing module counter_4bit_up_plus2_rc4
INFO: [VRFC 10-2263] Analyzing Verilog file "D:/RC4_with_speck/DESIGN_LAB_NOW_FINAL_HOPE_SO.srcs/sources_1/new/eqz_comparing_0.v" into library xil_defaultlib
INFO: [VRFC 10-311] analyzing module eqz_comparing_0_speck
INFO: [VRFC 10-2263] Analyzing Verilog file "D:/RC4_with_speck/DESIGN_LAB_NOW_FINAL_HOPE_SO.srcs/sources_1/new/eqz_comparing_1.v" into library xil_defaultlib
INFO: [VRFC 10-311] analyzing module eqz_comparing_1_speck
INFO: [VRFC 10-2263] Analyzing Verilog file "D:/RC4_with_speck/DESIGN_LAB_NOW_FINAL_HOPE_SO.srcs/sources_1/new/eqz_comparing_15_rc_4.v" into library xil_defaultlib
INFO: [VRFC 10-311] analyzing module eqz_comparing_15_rc4
INFO: [VRFC 10-2263] Analyzing Verilog file "D:/RC4_with_speck/DESIGN_LAB_NOW_FINAL_HOPE_SO.srcs/sources_1/new/eqz_comparing_7_rc_4.v" into library xil_defaultlib
INFO: [VRFC 10-311] analyzing module eqz_comparing_7_rc4
INFO: [VRFC 10-2263] Analyzing Verilog file "D:/RC4_with_speck/DESIGN_LAB_NOW_FINAL_HOPE_SO.srcs/sources_1/new/eqz_comparing_9.v" into library xil_defaultlib
INFO: [VRFC 10-311] analyzing module eqz_comparing_9_speck
INFO: [VRFC 10-2263] Analyzing Verilog file "D:/RC4_with_speck/DESIGN_LAB_NOW_FINAL_HOPE_SO.srcs/sources_1/new/karray_read_write_rc4.v" into library xil_defaultlib
INFO: [VRFC 10-311] analyzing module karray_read_write_rc4
INFO: [VRFC 10-2263] Analyzing Verilog file "D:/RC4_with_speck/DESIGN_LAB_NOW_FINAL_HOPE_SO.srcs/sources_1/new/mod16_rc4.v" into library xil_defaultlib
INFO: [VRFC 10-311] analyzing module mod16_rc4
INFO: [VRFC 10-2263] Analyzing Verilog file "D:/RC4_with_speck/DESIGN_LAB_NOW_FINAL_HOPE_SO.srcs/sources_1/new/mux2to1_rc4.v" into library xil_defaultlib
INFO: [VRFC 10-311] analyzing module mux2to1_rc4
INFO: [VRFC 10-2263] Analyzing Verilog file "D:/RC4_with_speck/DESIGN_LAB_NOW_FINAL_HOPE_SO.srcs/sources_1/new/mux2to1_speck.v" into library xil_defaultlib
INFO: [VRFC 10-311] analyzing module mux2to1_speck
INFO: [VRFC 10-2263] Analyzing Verilog file "D:/RC4_with_speck/DESIGN_LAB_NOW_FINAL_HOPE_SO.srcs/sources_1/new/reg_rc4.v" into library xil_defaultlib
INFO: [VRFC 10-311] analyzing module reg_rc4
INFO: [VRFC 10-2263] Analyzing Verilog file "D:/RC4_with_speck/DESIGN_LAB_NOW_FINAL_HOPE_SO.srcs/sources_1/new/sarray_read_rc4.v" into library xil_defaultlib
INFO: [VRFC 10-311] analyzing module sarray_read_rc4
INFO: [VRFC 10-2263] Analyzing Verilog file "D:/RC4_with_speck/DESIGN_LAB_NOW_FINAL_HOPE_SO.srcs/sources_1/new/shift_left_speck.v" into library xil_defaultlib
INFO: [VRFC 10-311] analyzing module shift_left_speck
INFO: [VRFC 10-2263] Analyzing Verilog file "D:/RC4_with_speck/DESIGN_LAB_NOW_FINAL_HOPE_SO.srcs/sources_1/new/shift_right.v" into library xil_defaultlib
INFO: [VRFC 10-311] analyzing module shift_right_speck
INFO: [VRFC 10-2263] Analyzing Verilog file "D:/RC4_with_speck/DESIGN_LAB_NOW_FINAL_HOPE_SO.srcs/sources_1/new/swap_rc4.v" into library xil_defaultlib
INFO: [VRFC 10-311] analyzing module swap_rc4
INFO: [VRFC 10-2263] Analyzing Verilog file "D:/RC4_with_speck/DESIGN_LAB_NOW_FINAL_HOPE_SO.srcs/sources_1/new/up_counter_5bit.v" into library xil_defaultlib
INFO: [VRFC 10-311] analyzing module up_counter_5bit
INFO: [VRFC 10-2263] Analyzing Verilog file "D:/RC4_with_speck/DESIGN_LAB_NOW_FINAL_HOPE_SO.srcs/sources_1/new/write_rc4.v" into library xil_defaultlib
INFO: [VRFC 10-311] analyzing module write_rc4
INFO: [VRFC 10-2263] Analyzing Verilog file "D:/RC4_with_speck/DESIGN_LAB_NOW_FINAL_HOPE_SO.srcs/sources_1/new/write_read_final_speck_memory.v" into library xil_defaultlib
INFO: [VRFC 10-311] analyzing module write_read_final_speck_memory
INFO: [VRFC 10-2263] Analyzing Verilog file "D:/RC4_with_speck/DESIGN_LAB_NOW_FINAL_HOPE_SO.srcs/sim_1/new/tb_rc4.v" into library xil_defaultlib
INFO: [VRFC 10-311] analyzing module tb_rc4
run_program: Time (s): cpu = 00:00:00 ; elapsed = 00:00:05 . Memory (MB): peak = 1607.270 ; gain = 0.000
INFO: [USF-XSim-69] 'compile' step finished in '5' seconds
INFO: [USF-XSim-3] XSim::Elaborate design
INFO: [USF-XSim-61] Executing 'ELABORATE' step in 'D:/RC4_with_speck/DESIGN_LAB_NOW_FINAL_HOPE_SO.sim/sim_1/behav/xsim'
"xelab --incr --debug typical --relax --mt 2 -L xil_defaultlib -L unisims_ver -L unimacro_ver -L secureip --snapshot tb_rc4_behav xil_defaultlib.tb_rc4 xil_defaultlib.glbl -log elaborate.log"
Vivado Simulator v2024.1
Copyright 1986-2022 Xilinx, Inc. All Rights Reserved.
Copyright 2022-2024 Advanced Micro Devices, Inc. All Rights Reserved.
Running: C:/Xilinx/Vivado/2024.1/bin/unwrapped/win64.o/xelab.exe --incr --debug typical --relax --mt 2 -L xil_defaultlib -L unisims_ver -L unimacro_ver -L secureip --snapshot tb_rc4_behav xil_defaultlib.tb_rc4 xil_defaultlib.glbl -log elaborate.log 
Using 2 slave threads.
Starting static elaboration
Pass Through NonSizing Optimizer
WARNING: [VRFC 10-3091] actual bit length 5 differs from formal bit length 4 for port 'in1' [D:/RC4_with_speck/DESIGN_LAB_NOW_FINAL_HOPE_SO.srcs/sources_1/new/RC_4_DATAPATH.v:29]
WARNING: [VRFC 10-3091] actual bit length 32 differs from formal bit length 4 for port 'in2' [D:/RC4_with_speck/DESIGN_LAB_NOW_FINAL_HOPE_SO.srcs/sources_1/new/RC_4_DATAPATH.v:44]
Completed static elaboration
Starting simulation data flow analysis
Completed simulation data flow analysis
Time Resolution for simulation is 1ps
Compiling module xil_defaultlib.counter_4bit_up_speck
Compiling module xil_defaultlib.compare_0001
Compiling module xil_defaultlib.counter_2bit_down_speck
Compiling module xil_defaultlib.counter_3bit_down_speck
Compiling module xil_defaultlib.mux2to1_speck
Compiling module xil_defaultlib.reg_speck
Compiling module xil_defaultlib.shift_right_speck
Compiling module xil_defaultlib.adder_speck
Compiling module xil_defaultlib.shift_left_speck
Compiling module xil_defaultlib.buffer_speck
Compiling module xil_defaultlib.eqz_comparing_0_speck
Compiling module xil_defaultlib.eqz_comparing_1_speck
Compiling module xil_defaultlib.eqz_comparing_9_speck
Compiling module xil_defaultlib.write_read_final_speck_memory
Compiling module xil_defaultlib.SPECK_HASH_DATAPATH
Compiling module xil_defaultlib.control_path_speck
Compiling module xil_defaultlib.clk_div_rc4
Compiling module xil_defaultlib.reg_rc4
Compiling module xil_defaultlib.eqz_comparing_15_rc4
Compiling module xil_defaultlib.eqz_comparing_7_rc4
Compiling module xil_defaultlib.comparing_5bit_10101
Compiling module xil_defaultlib.counter_3bit_up_rc4
Compiling module xil_defaultlib.counter_4bit_up_plus1_rc4
Compiling module xil_defaultlib.counter_4bit_up_plus2_rc4
Compiling module xil_defaultlib.up_counter_5bit
Compiling module xil_defaultlib.sarray_read_rc4
Compiling module xil_defaultlib.karray_read_write_rc4
Compiling module xil_defaultlib.adder_rc4
Compiling module xil_defaultlib.mod16_rc4
Compiling module xil_defaultlib.mux2to1_rc4
Compiling module xil_defaultlib.swap_rc4
Compiling module xil_defaultlib.copy_rc4
Compiling module xil_defaultlib.write_rc4
Compiling module xil_defaultlib.RC4_DATAPATH
Compiling module xil_defaultlib.control_path_rc4
Compiling module xil_defaultlib.Top_module_datapath
Compiling module xil_defaultlib.Top_module_controlpath
Compiling module xil_defaultlib.TOP_Module_final
Compiling module xil_defaultlib.tb_rc4
Compiling module xil_defaultlib.glbl
Built simulation snapshot tb_rc4_behav
run_program: Time (s): cpu = 00:00:01 ; elapsed = 00:00:06 . Memory (MB): peak = 1607.270 ; gain = 0.000
INFO: [USF-XSim-69] 'elaborate' step finished in '6' seconds
INFO: [USF-XSim-4] XSim::Simulate design
INFO: [USF-XSim-61] Executing 'SIMULATE' step in 'D:/RC4_with_speck/DESIGN_LAB_NOW_FINAL_HOPE_SO.sim/sim_1/behav/xsim'
INFO: [USF-XSim-98] *** Running xsim
   with args "tb_rc4_behav -key {Behavioral:sim_1:Functional:tb_rc4} -tclbatch {tb_rc4.tcl} -log {simulate.log}"
INFO: [USF-XSim-8] Loading simulator feature
Time resolution is 1 ps
source tb_rc4.tcl
# set curr_wave [current_wave_config]
# if { [string length $curr_wave] == 0 } {
#   if { [llength [get_objects]] > 0} {
#     add_wave /
#     set_property needs_save false [current_wave_config]
#   } else {
#      send_msg_id Add_Wave-1 WARNING "No top level signals found. Simulator will start without a wave window. If you want to open a wave window go to 'File->New Waveform Configuration' or type 'create_wave_config' in the TCL console."
#   }
# }
# run 1000ns
INFO: [USF-XSim-96] XSim completed. Design snapshot 'tb_rc4_behav' loaded.
INFO: [USF-XSim-97] XSim simulation ran for 1000ns
launch_simulation: Time (s): cpu = 00:00:03 ; elapsed = 00:00:15 . Memory (MB): peak = 1607.738 ; gain = 0.469
restart
INFO: [Wavedata 42-604] Simulation restarted
run 3000 ns
close_sim
INFO: [Simtcl 6-16] Simulation closed
exit
INFO: [Common 17-206] Exiting Vivado at Fri May  2 10:05:33 2025...
